<?xml version="1.0" encoding="UTF-8"?>
<!-- Generated by org.testng.reporters.JUnitReportReporter -->
<testsuite hostname="LAPTOP-BH9IM1PN" failures="0" tests="4" name="b49Multipletesttagsbutonlyfewtesttagsenabledforparallelexecution.bRegister" time="0.025" errors="0" timestamp="2023-08-05T09:32:44 IST" skipped="0">
  <testcase classname="b49Multipletesttagsbutonlyfewtesttagsenabledforparallelexecution.bRegister" name="registerwithDuplicatefields" time="0.004"/>
  <system-out/>
  <testcase classname="b49Multipletesttagsbutonlyfewtesttagsenabledforparallelexecution.bRegister" name="registerwithMandatoryfields" time="0.012"/>
  <system-out/>
  <testcase classname="b49Multipletesttagsbutonlyfewtesttagsenabledforparallelexecution.bRegister" name="registerwithAnyfields" time="0.006"/>
  <system-out/>
  <testcase classname="b49Multipletesttagsbutonlyfewtesttagsenabledforparallelexecution.bRegister" name="registerwithAllfields" time="0.003"/>
  <system-out/>
</testsuite> <!-- b49Multipletesttagsbutonlyfewtesttagsenabledforparallelexecution.bRegister -->
