<?xml version="1.0" encoding="UTF-8"?>
<!-- Generated by org.testng.reporters.JUnitReportReporter -->
<testsuite hostname="LAPTOP-BH9IM1PN" failures="0" tests="4" name="b35DifferentreturntypesofDataProvider.cIteratorObject" time="0.024" errors="0" timestamp="2023-08-02T00:36:56 IST" skipped="0">
  <testcase classname="b35DifferentreturntypesofDataProvider.cIteratorObject" name="sample" time="0.004"/>
  <system-out/>
  <testcase classname="b35DifferentreturntypesofDataProvider.cIteratorObject" name="sample" time="0.002"/>
  <system-out/>
  <testcase classname="b35DifferentreturntypesofDataProvider.cIteratorObject" name="sample" time="0.015"/>
  <system-out/>
  <testcase classname="b35DifferentreturntypesofDataProvider.cIteratorObject" name="sample" time="0.003"/>
  <system-out/>
</testsuite> <!-- b35DifferentreturntypesofDataProvider.cIteratorObject -->
