<?xml version="1.0" encoding="UTF-8"?>
<!-- Generated by org.testng.reporters.JUnitReportReporter -->
<testsuite hostname="LAPTOP-BH9IM1PN" failures="0" tests="2" name="a8AssertionInTestNG.kStaticImportAssertion" time="0.025" errors="0" timestamp="2023-07-31T12:12:52 IST" skipped="0">
  <testcase classname="a8AssertionInTestNG.kStaticImportAssertion" name="sampleMethodOne" time="0.023"/>
  <system-out/>
  <testcase classname="a8AssertionInTestNG.kStaticImportAssertion" name="sampleMethodTwo" time="0.002"/>
  <system-out/>
</testsuite> <!-- a8AssertionInTestNG.kStaticImportAssertion -->
