<?xml version="1.0" encoding="UTF-8"?>
<!-- Generated by org.testng.reporters.JUnitReportReporter -->
<testsuite hostname="LAPTOP-BH9IM1PN" failures="0" tests="3" name="b22TestDependencyinTestNGusingdependsOnMethodsattribute.aDemo" time="5.396" errors="0" timestamp="2023-08-01T11:29:15 IST" skipped="0">
  <testcase classname="b22TestDependencyinTestNGusingdependsOnMethodsattribute.aDemo" name="removeProductfromWhislist" time="0.305"/>
  <system-out/>
  <testcase classname="b22TestDependencyinTestNGusingdependsOnMethodsattribute.aDemo" name="addingProducttoWhislist" time="0.873"/>
  <system-out/>
  <testcase classname="b22TestDependencyinTestNGusingdependsOnMethodsattribute.aDemo" name="userLogin" time="4.218"/>
  <system-out/>
</testsuite> <!-- b22TestDependencyinTestNGusingdependsOnMethodsattribute.aDemo -->
