<?xml version="1.0" encoding="UTF-8"?>
<!-- Generated by org.testng.reporters.JUnitReportReporter -->
<testsuite hostname="LAPTOP-BH9IM1PN" failures="0" tests="3" name="b15IgnoreAttributeatClassLevel.aDemo" time="9.630" errors="0" timestamp="2023-07-31T17:56:54 IST" skipped="0">
  <testcase classname="b15IgnoreAttributeatClassLevel.aDemo" name="validCredentials1" time="2.460"/>
  <system-out/>
  <testcase classname="b15IgnoreAttributeatClassLevel.aDemo" name="validCredentials2" time="2.408"/>
  <system-out/>
  <testcase classname="b15IgnoreAttributeatClassLevel.aDemo" name="validCredentials" time="4.762"/>
  <system-out/>
</testsuite> <!-- b15IgnoreAttributeatClassLevel.aDemo -->
