<?xml version="1.0" encoding="UTF-8"?>
<!-- Generated by org.testng.reporters.JUnitReportReporter -->
<testsuite hostname="LAPTOP-BH9IM1PN" failures="0" tests="3" name="b35DifferentreturntypesofDataProvider.aTwoDimensionArray" time="0.017" errors="0" timestamp="2023-08-02T00:25:02 IST" skipped="0">
  <testcase classname="b35DifferentreturntypesofDataProvider.aTwoDimensionArray" name="sample" time="0.011"/>
  <system-out/>
  <testcase classname="b35DifferentreturntypesofDataProvider.aTwoDimensionArray" name="sample" time="0.002"/>
  <system-out/>
  <testcase classname="b35DifferentreturntypesofDataProvider.aTwoDimensionArray" name="sample" time="0.004"/>
  <system-out/>
</testsuite> <!-- b35DifferentreturntypesofDataProvider.aTwoDimensionArray -->
