<?xml version="1.0" encoding="UTF-8"?>
<!-- Generated by org.testng.reporters.JUnitReportReporter -->
<testsuite hostname="LAPTOP-BH9IM1PN" failures="0" tests="5" name="b17GroupingTestsinTestNG.aLogin" time="0.030" errors="0" timestamp="2023-07-31T20:42:13 IST" skipped="0">
  <testcase classname="b17GroupingTestsinTestNG.aLogin" name="loginwithvalididandvalidpassword" time="0.020"/>
  <system-out/>
  <testcase classname="b17GroupingTestsinTestNG.aLogin" name="loginwithInvalididandvalidpassword" time="0.002"/>
  <system-out/>
  <testcase classname="b17GroupingTestsinTestNG.aLogin" name="loginwithvalididandInvalidpassword" time="0.002"/>
  <system-out/>
  <testcase classname="b17GroupingTestsinTestNG.aLogin" name="loginwithInvalididandInvalidpassword" time="0.003"/>
  <system-out/>
  <testcase classname="b17GroupingTestsinTestNG.aLogin" name="loginwithNoidandNopassword" time="0.003"/>
  <system-out/>
</testsuite> <!-- b17GroupingTestsinTestNG.aLogin -->
