<?xml version="1.0" encoding="UTF-8"?>
<!-- Generated by org.testng.reporters.JUnitReportReporter -->
<testsuite hostname="LAPTOP-BH9IM1PN" failures="0" tests="5" name="b63ImplementingListenersatClassLevelListenersannotation.aLogin" time="0.034" errors="0" timestamp="2023-08-03T08:18:51 IST" skipped="0">
  <testcase classname="b63ImplementingListenersatClassLevelListenersannotation.aLogin" name="loginwithvalididandvalidpassword" time="0.003"/>
  <system-out/>
  <testcase classname="b63ImplementingListenersatClassLevelListenersannotation.aLogin" name="loginwithInvalididandInvalidpassword" time="0.021"/>
  <system-out/>
  <testcase classname="b63ImplementingListenersatClassLevelListenersannotation.aLogin" name="loginwithNoidandNopassword" time="0.004"/>
  <system-out/>
  <testcase classname="b63ImplementingListenersatClassLevelListenersannotation.aLogin" name="loginwithInvalididandvalidpassword" time="0.003"/>
  <system-out/>
  <testcase classname="b63ImplementingListenersatClassLevelListenersannotation.aLogin" name="loginwithvalididandInvalidpassword" time="0.003"/>
  <system-out/>
</testsuite> <!-- b63ImplementingListenersatClassLevelListenersannotation.aLogin -->
