<?xml version="1.0" encoding="UTF-8"?>
<!-- Generated by org.testng.reporters.JUnitReportReporter -->
<testsuite hostname="LAPTOP-BH9IM1PN" failures="0" tests="4" name="b35DifferentreturntypesofDataProvider.bSingleDimensionArray" time="0.017" errors="0" timestamp="2023-08-02T00:28:06 IST" skipped="0">
  <testcase classname="b35DifferentreturntypesofDataProvider.bSingleDimensionArray" name="sample" time="0.002"/>
  <system-out/>
  <testcase classname="b35DifferentreturntypesofDataProvider.bSingleDimensionArray" name="sample" time="0.002"/>
  <system-out/>
  <testcase classname="b35DifferentreturntypesofDataProvider.bSingleDimensionArray" name="sample" time="0.011"/>
  <system-out/>
  <testcase classname="b35DifferentreturntypesofDataProvider.bSingleDimensionArray" name="sample" time="0.002"/>
  <system-out/>
</testsuite> <!-- b35DifferentreturntypesofDataProvider.bSingleDimensionArray -->
