<?xml version="1.0" encoding="UTF-8"?>
<!-- Generated by org.testng.reporters.JUnitReportReporter -->
<testsuite hostname="LAPTOP-BH9IM1PN" failures="0" tests="4" name="b51parallelnoneinTestNGParallelExecution.bRegister" time="0.011" errors="0" timestamp="2023-08-05T09:55:08 IST" skipped="0">
  <testcase classname="b51parallelnoneinTestNGParallelExecution.bRegister" name="registerwithAllfields" time="0.003"/>
  <system-out/>
  <testcase classname="b51parallelnoneinTestNGParallelExecution.bRegister" name="registerwithDuplicatefields" time="0.004"/>
  <system-out/>
  <testcase classname="b51parallelnoneinTestNGParallelExecution.bRegister" name="registerwithAnyfields" time="0.002"/>
  <system-out/>
  <testcase classname="b51parallelnoneinTestNGParallelExecution.bRegister" name="registerwithMandatoryfields" time="0.002"/>
  <system-out/>
</testsuite> <!-- b51parallelnoneinTestNGParallelExecution.bRegister -->
