<?xml version="1.0" encoding="UTF-8"?>
<!-- Generated by org.testng.reporters.JUnitReportReporter -->
<testsuite hostname="LAPTOP-BH9IM1PN" failures="0" tests="1" name="b13EnableParameterInTestNGxmlfile.aDemo" time="6.139" errors="0" timestamp="2023-07-31T17:17:01 IST" skipped="0">
  <testcase classname="b13EnableParameterInTestNGxmlfile.aDemo" name="validCredentials" time="6.139"/>
  <system-out/>
</testsuite> <!-- b13EnableParameterInTestNGxmlfile.aDemo -->
