<?xml version="1.0" encoding="UTF-8"?>
<!-- Generated by org.testng.reporters.JUnitReportReporter -->
<testsuite hostname="LAPTOP-BH9IM1PN" failures="0" tests="5" name="b54Morethreadsandlessnumberoftests.aLogin" time="0.024" errors="0" timestamp="2023-08-02T23:02:22 IST" skipped="0">
  <testcase classname="b54Morethreadsandlessnumberoftests.aLogin" name="loginwithvalididandInvalidpassword" time="0.002"/>
  <system-out/>
  <testcase classname="b54Morethreadsandlessnumberoftests.aLogin" name="loginwithvalididandvalidpassword" time="0.002"/>
  <system-out/>
  <testcase classname="b54Morethreadsandlessnumberoftests.aLogin" name="loginwithNoidandNopassword" time="0.002"/>
  <system-out/>
  <testcase classname="b54Morethreadsandlessnumberoftests.aLogin" name="loginwithInvalididandInvalidpassword" time="0.015"/>
  <system-out/>
  <testcase classname="b54Morethreadsandlessnumberoftests.aLogin" name="loginwithInvalididandvalidpassword" time="0.003"/>
  <system-out/>
</testsuite> <!-- b54Morethreadsandlessnumberoftests.aLogin -->
