<?xml version="1.0" encoding="UTF-8"?>
<!-- Generated by org.testng.reporters.JUnitReportReporter -->
<testsuite hostname="LAPTOP-BH9IM1PN" failures="0" tests="1" name="b58invocationTimeOutattribute.aDemo" time="31.348" errors="0" timestamp="2023-08-02T23:45:20 IST" skipped="0">
  <testcase classname="b58invocationTimeOutattribute.aDemo" name="sample" time="31.348"/>
  <system-out/>
</testsuite> <!-- b58invocationTimeOutattribute.aDemo -->
