<?xml version="1.0" encoding="UTF-8"?>
<!-- Generated by org.testng.reporters.JUnitReportReporter -->
<testsuite hostname="LAPTOP-BH9IM1PN" failures="0" tests="2" name="a8AssertionInTestNG.dRealTimeExampleForAssertNotEqual" time="3.036" errors="0" timestamp="2023-07-31T11:11:53 IST" skipped="1">
  <testcase classname="a8AssertionInTestNG.dRealTimeExampleForAssertNotEqual" name="verifyingTitleTwo" time="3.036"/>
  <system-out/>
  <testcase classname="a8AssertionInTestNG.dRealTimeExampleForAssertNotEqual" name="verifyingTitleOne">
    <skipped/>
  </testcase> <!-- verifyingTitleOne -->
  <system-out/>
</testsuite> <!-- a8AssertionInTestNG.dRealTimeExampleForAssertNotEqual -->
