<?xml version="1.0" encoding="UTF-8"?>
<!-- Generated by org.testng.reporters.JUnitReportReporter -->
<testsuite hostname="LAPTOP-BH9IM1PN" failures="0" tests="4" name="b55parallelclassesorparallelmethodsspecifiedatsuitetaglevel.bRegister" time="0.019" errors="0" timestamp="2023-08-05T10:32:36 IST" skipped="0">
  <testcase classname="b55parallelclassesorparallelmethodsspecifiedatsuitetaglevel.bRegister" name="registerwithMandatoryfields" time="0.003"/>
  <system-out/>
  <testcase classname="b55parallelclassesorparallelmethodsspecifiedatsuitetaglevel.bRegister" name="registerwithDuplicatefields" time="0.006"/>
  <system-out/>
  <testcase classname="b55parallelclassesorparallelmethodsspecifiedatsuitetaglevel.bRegister" name="registerwithAllfields" time="0.005"/>
  <system-out/>
  <testcase classname="b55parallelclassesorparallelmethodsspecifiedatsuitetaglevel.bRegister" name="registerwithAnyfields" time="0.005"/>
  <system-out/>
</testsuite> <!-- b55parallelclassesorparallelmethodsspecifiedatsuitetaglevel.bRegister -->
