<?xml version="1.0" encoding="UTF-8"?>
<!-- Generated by org.testng.reporters.JUnitReportReporter -->
<testsuite hostname="LAPTOP-BH9IM1PN" failures="0" tests="5" name="b44ParallelExecutionofTestsinTestNGusingparallelandthreadcountattributes.aLogin" time="0.035" errors="0" timestamp="2023-08-02T17:02:22 IST" skipped="0">
  <testcase classname="b44ParallelExecutionofTestsinTestNGusingparallelandthreadcountattributes.aLogin" name="loginwithInvalididandvalidpassword" time="0.003"/>
  <system-out/>
  <testcase classname="b44ParallelExecutionofTestsinTestNGusingparallelandthreadcountattributes.aLogin" name="loginwithInvalididandInvalidpassword" time="0.022"/>
  <system-out/>
  <testcase classname="b44ParallelExecutionofTestsinTestNGusingparallelandthreadcountattributes.aLogin" name="loginwithNoidandNopassword" time="0.004"/>
  <system-out/>
  <testcase classname="b44ParallelExecutionofTestsinTestNGusingparallelandthreadcountattributes.aLogin" name="loginwithvalididandvalidpassword" time="0.003"/>
  <system-out/>
  <testcase classname="b44ParallelExecutionofTestsinTestNGusingparallelandthreadcountattributes.aLogin" name="loginwithvalididandInvalidpassword" time="0.003"/>
  <system-out/>
</testsuite> <!-- b44ParallelExecutionofTestsinTestNGusingparallelandthreadcountattributes.aLogin -->
