<?xml version="1.0" encoding="UTF-8"?>
<!-- Generated by org.testng.reporters.JUnitReportReporter -->
<testsuite hostname="LAPTOP-BH9IM1PN" failures="0" tests="4" name="b48parallelmethodsinTestNGParallelExecution.bRegister" time="0.016" errors="0" timestamp="2023-08-02T17:51:25 IST" skipped="0">
  <testcase classname="b48parallelmethodsinTestNGParallelExecution.bRegister" name="registerwithAnyfields" time="0.002"/>
  <system-out/>
  <testcase classname="b48parallelmethodsinTestNGParallelExecution.bRegister" name="registerwithAllfields" time="0.004"/>
  <system-out/>
  <testcase classname="b48parallelmethodsinTestNGParallelExecution.bRegister" name="registerwithMandatoryfields" time="0.007"/>
  <system-out/>
  <testcase classname="b48parallelmethodsinTestNGParallelExecution.bRegister" name="registerwithDuplicatefields" time="0.003"/>
  <system-out/>
</testsuite> <!-- b48parallelmethodsinTestNGParallelExecution.bRegister -->
