<?xml version="1.0" encoding="UTF-8"?>
<!-- Generated by org.testng.reporters.JUnitReportReporter -->
<testsuite hostname="LAPTOP-BH9IM1PN" failures="0" tests="1" name="b43expectedExceptionsattribute.aDemo" time="6.526" errors="0" timestamp="2023-08-02T15:04:57 IST" skipped="0">
  <testcase classname="b43expectedExceptionsattribute.aDemo" name="validCredentials" time="6.526"/>
  <system-out/>
</testsuite> <!-- b43expectedExceptionsattribute.aDemo -->
