<?xml version="1.0" encoding="UTF-8"?>
<!-- Generated by org.testng.reporters.JUnitReportReporter -->
<testsuite hostname="LAPTOP-BH9IM1PN" failures="0" tests="3" name="b56Defaultthreadcountwhenparallelattributeisonlymentioned.cSearch" time="0.012" errors="0" timestamp="2023-08-05T10:33:43 IST" skipped="0">
  <testcase classname="b56Defaultthreadcountwhenparallelattributeisonlymentioned.cSearch" name="serachwithValidProduct" time="0.005"/>
  <system-out/>
  <testcase classname="b56Defaultthreadcountwhenparallelattributeisonlymentioned.cSearch" name="serachwithInvalidProduct" time="0.004"/>
  <system-out/>
  <testcase classname="b56Defaultthreadcountwhenparallelattributeisonlymentioned.cSearch" name="serachwithEmptyProduct" time="0.003"/>
  <system-out/>
</testsuite> <!-- b56Defaultthreadcountwhenparallelattributeisonlymentioned.cSearch -->
