<?xml version="1.0" encoding="UTF-8"?>
<!-- Generated by org.testng.reporters.JUnitReportReporter -->
<testsuite hostname="LAPTOP-BH9IM1PN" failures="0" tests="2" name="a7TestngXMLforBatchExecution.cDemo" time="0.003" errors="0" timestamp="2023-07-31T10:43:29 IST" skipped="0">
  <testcase classname="a7TestngXMLforBatchExecution.cDemo" name="methodOne" time="0.002"/>
  <system-out/>
  <testcase classname="a7TestngXMLforBatchExecution.cDemo" name="methodTwo" time="0.001"/>
  <system-out/>
</testsuite> <!-- a7TestngXMLforBatchExecution.cDemo -->
