<?xml version="1.0" encoding="UTF-8"?>
<!-- Generated by org.testng.reporters.JUnitReportReporter -->
<testsuite hostname="LAPTOP-BH9IM1PN" failures="0" tests="5" name="b25and26DependsOnGroupsattributeandGroupsdependsonGroups.aLogin" time="0.023" errors="0" timestamp="2023-08-05T07:54:25 IST" skipped="0">
  <testcase classname="b25and26DependsOnGroupsattributeandGroupsdependsonGroups.aLogin" name="loginwithvalididandvalidpassword" time="0.002"/>
  <system-out/>
  <testcase classname="b25and26DependsOnGroupsattributeandGroupsdependsonGroups.aLogin" name="loginwithvalididandInvalidpassword" time="0.002"/>
  <system-out/>
  <testcase classname="b25and26DependsOnGroupsattributeandGroupsdependsonGroups.aLogin" name="loginwithInvalididandvalidpassword" time="0.003"/>
  <system-out/>
  <testcase classname="b25and26DependsOnGroupsattributeandGroupsdependsonGroups.aLogin" name="loginwithInvalididandInvalidpassword" time="0.014"/>
  <system-out/>
  <testcase classname="b25and26DependsOnGroupsattributeandGroupsdependsonGroups.aLogin" name="aloginwithNoidandNopassword" time="0.002"/>
  <system-out/>
</testsuite> <!-- b25and26DependsOnGroupsattributeandGroupsdependsonGroups.aLogin -->
