<?xml version="1.0" encoding="UTF-8"?>
<!-- Generated by org.testng.reporters.JUnitReportReporter -->
<testsuite hostname="LAPTOP-BH9IM1PN" failures="0" tests="3" name="b65onStartandonFinishITestListenermethods.cSearch" time="0.007" errors="0" timestamp="2023-08-03T09:04:48 IST" skipped="0">
  <testcase classname="b65onStartandonFinishITestListenermethods.cSearch" name="serachwithInvalidProduct" time="0.002"/>
  <system-out/>
  <testcase classname="b65onStartandonFinishITestListenermethods.cSearch" name="serachwithEmptyProduct" time="0.002"/>
  <system-out/>
  <testcase classname="b65onStartandonFinishITestListenermethods.cSearch" name="serachwithValidProduct" time="0.003"/>
  <system-out/>
</testsuite> <!-- b65onStartandonFinishITestListenermethods.cSearch -->
