<?xml version="1.0" encoding="UTF-8"?>
<!-- Generated by org.testng.reporters.JUnitReportReporter -->
<testsuite hostname="LAPTOP-BH9IM1PN" failures="0" tests="5" name="b40ExecutingtestsinparallelbyspecifyingparallelattributeinDataProvider.aDemo" time="28.045" errors="0" timestamp="2023-08-05T08:56:30 IST" skipped="0">
  <testcase classname="b40ExecutingtestsinparallelbyspecifyingparallelattributeinDataProvider.aDemo" name="validCredentials" time="6.571"/>
  <system-out/>
  <testcase classname="b40ExecutingtestsinparallelbyspecifyingparallelattributeinDataProvider.aDemo" name="validCredentials" time="5.107"/>
  <system-out/>
  <testcase classname="b40ExecutingtestsinparallelbyspecifyingparallelattributeinDataProvider.aDemo" name="validCredentials" time="5.559"/>
  <system-out/>
  <testcase classname="b40ExecutingtestsinparallelbyspecifyingparallelattributeinDataProvider.aDemo" name="validCredentials" time="5.254"/>
  <system-out/>
  <testcase classname="b40ExecutingtestsinparallelbyspecifyingparallelattributeinDataProvider.aDemo" name="validCredentials" time="5.554"/>
  <system-out/>
</testsuite> <!-- b40ExecutingtestsinparallelbyspecifyingparallelattributeinDataProvider.aDemo -->
