<?xml version="1.0" encoding="UTF-8"?>
<!-- Generated by org.testng.reporters.JUnitReportReporter -->
<testsuite hostname="LAPTOP-BH9IM1PN" failures="0" tests="4" name="b30ParameterizingTestmethodwithArrayparameter.aDemo" time="14.713" errors="0" timestamp="2023-08-01T20:56:13 IST" skipped="0">
  <testcase classname="b30ParameterizingTestmethodwithArrayparameter.aDemo" name="validCredentials" time="3.467"/>
  <system-out/>
  <testcase classname="b30ParameterizingTestmethodwithArrayparameter.aDemo" name="validCredentials" time="3.445"/>
  <system-out/>
  <testcase classname="b30ParameterizingTestmethodwithArrayparameter.aDemo" name="validCredentials" time="3.204"/>
  <system-out/>
  <testcase classname="b30ParameterizingTestmethodwithArrayparameter.aDemo" name="validCredentials" time="4.597"/>
  <system-out/>
</testsuite> <!-- b30ParameterizingTestmethodwithArrayparameter.aDemo -->
