<?xml version="1.0" encoding="UTF-8"?>
<!-- Generated by org.testng.reporters.JUnitReportReporter -->
<testsuite hostname="LAPTOP-BH9IM1PN" failures="0" tests="4" name="b35DifferentreturntypesofDataProvider.dIteratorObject" time="0.025" errors="0" timestamp="2023-08-02T00:50:03 IST" skipped="0">
  <testcase classname="b35DifferentreturntypesofDataProvider.dIteratorObject" name="sample" time="0.005"/>
  <system-out/>
  <testcase classname="b35DifferentreturntypesofDataProvider.dIteratorObject" name="sample" time="0.003"/>
  <system-out/>
  <testcase classname="b35DifferentreturntypesofDataProvider.dIteratorObject" name="sample" time="0.002"/>
  <system-out/>
  <testcase classname="b35DifferentreturntypesofDataProvider.dIteratorObject" name="sample" time="0.015"/>
  <system-out/>
</testsuite> <!-- b35DifferentreturntypesofDataProvider.dIteratorObject -->
