<?xml version="1.0" encoding="UTF-8"?>
<!-- Generated by org.testng.reporters.JUnitReportReporter -->
<testsuite hostname="LAPTOP-BH9IM1PN" failures="0" tests="2" name="b21SubcatgeorygroupsinTestNGUsingRegularExpressions.bRegister" time="0.004" errors="0" timestamp="2023-08-01T10:38:16 IST" skipped="0">
  <testcase classname="b21SubcatgeorygroupsinTestNGUsingRegularExpressions.bRegister" name="registerwithMandatoryfields" time="0.002"/>
  <system-out/>
  <testcase classname="b21SubcatgeorygroupsinTestNGUsingRegularExpressions.bRegister" name="registerwithAllfields" time="0.002"/>
  <system-out/>
</testsuite> <!-- b21SubcatgeorygroupsinTestNGUsingRegularExpressions.bRegister -->
