<?xml version="1.0" encoding="UTF-8"?>
<!-- Generated by org.testng.reporters.JUnitReportReporter -->
<testsuite hostname="LAPTOP-BH9IM1PN" failures="0" tests="10" name="b59threadPoolSizeattribute.aDemo" time="60.966" errors="0" timestamp="2023-08-02T23:48:54 IST" skipped="0">
  <testcase classname="b59threadPoolSizeattribute.aDemo" name="sample" time="5.609"/>
  <system-out/>
  <testcase classname="b59threadPoolSizeattribute.aDemo" name="sample" time="5.614"/>
  <system-out/>
  <testcase classname="b59threadPoolSizeattribute.aDemo" name="sample" time="5.281"/>
  <system-out/>
  <testcase classname="b59threadPoolSizeattribute.aDemo" name="sample" time="5.810"/>
  <system-out/>
  <testcase classname="b59threadPoolSizeattribute.aDemo" name="sample" time="7.844"/>
  <system-out/>
  <testcase classname="b59threadPoolSizeattribute.aDemo" name="sample" time="5.464"/>
  <system-out/>
  <testcase classname="b59threadPoolSizeattribute.aDemo" name="sample" time="5.628"/>
  <system-out/>
  <testcase classname="b59threadPoolSizeattribute.aDemo" name="sample" time="6.412"/>
  <system-out/>
  <testcase classname="b59threadPoolSizeattribute.aDemo" name="sample" time="8.051"/>
  <system-out/>
  <testcase classname="b59threadPoolSizeattribute.aDemo" name="sample" time="5.253"/>
  <system-out/>
</testsuite> <!-- b59threadPoolSizeattribute.aDemo -->
