<?xml version="1.0" encoding="UTF-8"?>
<!-- Generated by org.testng.reporters.JUnitReportReporter -->
<testsuite hostname="LAPTOP-BH9IM1PN" failures="0" tests="3" name="b20PartialgroupsinTestNG.cSearch" time="0.006" errors="0" timestamp="2023-08-01T15:41:11 IST" skipped="0">
  <testcase classname="b20PartialgroupsinTestNG.cSearch" name="serachwithValidProduct" time="0.002"/>
  <system-out/>
  <testcase classname="b20PartialgroupsinTestNG.cSearch" name="serachwithInvalidProduct" time="0.002"/>
  <system-out/>
  <testcase classname="b20PartialgroupsinTestNG.cSearch" name="serachwithEmptyProduct" time="0.002"/>
  <system-out/>
</testsuite> <!-- b20PartialgroupsinTestNG.cSearch -->
