<?xml version="1.0" encoding="UTF-8"?>
<!-- Generated by org.testng.reporters.JUnitReportReporter -->
<testsuite hostname="LAPTOP-BH9IM1PN" failures="0" tests="3" name="b56Defaultthreadcountwhenparallelattributeisonlymentioned.cSearch2" time="0.027" errors="0" timestamp="2023-08-05T10:33:43 IST" skipped="0">
  <testcase classname="b56Defaultthreadcountwhenparallelattributeisonlymentioned.cSearch2" name="serachwithEmptyProduct" time="0.009"/>
  <system-out/>
  <testcase classname="b56Defaultthreadcountwhenparallelattributeisonlymentioned.cSearch2" name="serachwithValidProduct" time="0.012"/>
  <system-out/>
  <testcase classname="b56Defaultthreadcountwhenparallelattributeisonlymentioned.cSearch2" name="serachwithInvalidProduct" time="0.006"/>
  <system-out/>
</testsuite> <!-- b56Defaultthreadcountwhenparallelattributeisonlymentioned.cSearch2 -->
