<?xml version="1.0" encoding="UTF-8"?>
<!-- Generated by org.testng.reporters.JUnitReportReporter -->
<testsuite hostname="LAPTOP-BH9IM1PN" failures="0" tests="1" name="b11ParametersInTestNG.aDemo" time="4.778" errors="0" timestamp="2023-07-31T16:48:23 IST" skipped="0">
  <testcase classname="b11ParametersInTestNG.aDemo" name="validCredentials" time="4.778"/>
  <system-out/>
</testsuite> <!-- b11ParametersInTestNG.aDemo -->
