<?xml version="1.0" encoding="UTF-8"?>
<!-- Generated by org.testng.reporters.JUnitReportReporter -->
<testsuite hostname="LAPTOP-BH9IM1PN" failures="0" tests="4" name="b28TestNGParameterizationDataProviderannotationanddataProviderattribute.aDemo" time="19.383" errors="0" timestamp="2023-08-01T16:20:36 IST" skipped="0">
  <testcase classname="b28TestNGParameterizationDataProviderannotationanddataProviderattribute.aDemo" name="validCredentials" time="5.368"/>
  <system-out/>
  <testcase classname="b28TestNGParameterizationDataProviderannotationanddataProviderattribute.aDemo" name="validCredentials" time="4.376"/>
  <system-out/>
  <testcase classname="b28TestNGParameterizationDataProviderannotationanddataProviderattribute.aDemo" name="validCredentials" time="4.161"/>
  <system-out/>
  <testcase classname="b28TestNGParameterizationDataProviderannotationanddataProviderattribute.aDemo" name="validCredentials" time="5.478"/>
  <system-out/>
</testsuite> <!-- b28TestNGParameterizationDataProviderannotationanddataProviderattribute.aDemo -->
