<?xml version="1.0" encoding="UTF-8"?>
<!-- Generated by org.testng.reporters.JUnitReportReporter -->
<testsuite hostname="LAPTOP-BH9IM1PN" failures="0" tests="2" name="a8AssertionInTestNG.cAssertNotEqual" time="0.017" errors="0" timestamp="2023-07-31T11:10:09 IST" skipped="1">
  <testcase classname="a8AssertionInTestNG.cAssertNotEqual" name="sampleMethodOne" time="0.017"/>
  <system-out/>
  <testcase classname="a8AssertionInTestNG.cAssertNotEqual" name="sampleMethodTwo">
    <skipped/>
  </testcase> <!-- sampleMethodTwo -->
  <system-out/>
</testsuite> <!-- a8AssertionInTestNG.cAssertNotEqual -->
