<?xml version="1.0" encoding="UTF-8"?>
<!-- Generated by org.testng.reporters.JUnitReportReporter -->
<testsuite hostname="LAPTOP-BH9IM1PN" failures="0" tests="5" name="b49Multipletesttagsbutonlyfewtesttagsenabledforparallelexecution.aLogin" time="0.068" errors="0" timestamp="2023-08-02T22:32:46 IST" skipped="0">
  <testcase classname="b49Multipletesttagsbutonlyfewtesttagsenabledforparallelexecution.aLogin" name="loginwithvalididandvalidpassword" time="0.015"/>
  <system-out/>
  <testcase classname="b49Multipletesttagsbutonlyfewtesttagsenabledforparallelexecution.aLogin" name="loginwithInvalididandInvalidpassword" time="0.016"/>
  <system-out/>
  <testcase classname="b49Multipletesttagsbutonlyfewtesttagsenabledforparallelexecution.aLogin" name="loginwithvalididandInvalidpassword" time="0.012"/>
  <system-out/>
  <testcase classname="b49Multipletesttagsbutonlyfewtesttagsenabledforparallelexecution.aLogin" name="loginwithInvalididandvalidpassword" time="0.012"/>
  <system-out/>
  <testcase classname="b49Multipletesttagsbutonlyfewtesttagsenabledforparallelexecution.aLogin" name="loginwithNoidandNopassword" time="0.013"/>
  <system-out/>
</testsuite> <!-- b49Multipletesttagsbutonlyfewtesttagsenabledforparallelexecution.aLogin -->
