<?xml version="1.0" encoding="UTF-8"?>
<!-- Generated by org.testng.reporters.JUnitReportReporter -->
<testsuite hostname="LAPTOP-BH9IM1PN" failures="0" tests="10" name="b41ControllingDataProviderparalleltestscountbyusingdataproviderthreadcount.aDemo" time="41.142" errors="0" timestamp="2023-08-02T12:47:09 IST" skipped="0">
  <testcase classname="b41ControllingDataProviderparalleltestscountbyusingdataproviderthreadcount.aDemo" name="validCredentials" time="5.182"/>
  <system-out/>
  <testcase classname="b41ControllingDataProviderparalleltestscountbyusingdataproviderthreadcount.aDemo" name="validCredentials" time="3.649"/>
  <system-out/>
  <testcase classname="b41ControllingDataProviderparalleltestscountbyusingdataproviderthreadcount.aDemo" name="validCredentials" time="3.833"/>
  <system-out/>
  <testcase classname="b41ControllingDataProviderparalleltestscountbyusingdataproviderthreadcount.aDemo" name="validCredentials" time="3.707"/>
  <system-out/>
  <testcase classname="b41ControllingDataProviderparalleltestscountbyusingdataproviderthreadcount.aDemo" name="validCredentials" time="4.902"/>
  <system-out/>
  <testcase classname="b41ControllingDataProviderparalleltestscountbyusingdataproviderthreadcount.aDemo" name="validCredentials" time="3.945"/>
  <system-out/>
  <testcase classname="b41ControllingDataProviderparalleltestscountbyusingdataproviderthreadcount.aDemo" name="validCredentials" time="3.562"/>
  <system-out/>
  <testcase classname="b41ControllingDataProviderparalleltestscountbyusingdataproviderthreadcount.aDemo" name="validCredentials" time="3.613"/>
  <system-out/>
  <testcase classname="b41ControllingDataProviderparalleltestscountbyusingdataproviderthreadcount.aDemo" name="validCredentials" time="5.182"/>
  <system-out/>
  <testcase classname="b41ControllingDataProviderparalleltestscountbyusingdataproviderthreadcount.aDemo" name="validCredentials" time="3.567"/>
  <system-out/>
</testsuite> <!-- b41ControllingDataProviderparalleltestscountbyusingdataproviderthreadcount.aDemo -->
