<?xml version="1.0" encoding="UTF-8"?>
<!-- Generated by org.testng.reporters.JUnitReportReporter -->
<testsuite hostname="LAPTOP-BH9IM1PN" failures="0" tests="5" name="b48parallelmethodsinTestNGParallelExecution.aLogin" time="0.122" errors="0" timestamp="2023-08-05T09:23:14 IST" skipped="0">
  <testcase classname="b48parallelmethodsinTestNGParallelExecution.aLogin" name="loginwithvalididandvalidpassword" time="0.025"/>
  <system-out/>
  <testcase classname="b48parallelmethodsinTestNGParallelExecution.aLogin" name="loginwithInvalididandvalidpassword" time="0.024"/>
  <system-out/>
  <testcase classname="b48parallelmethodsinTestNGParallelExecution.aLogin" name="loginwithvalididandInvalidpassword" time="0.025"/>
  <system-out/>
  <testcase classname="b48parallelmethodsinTestNGParallelExecution.aLogin" name="loginwithNoidandNopassword" time="0.024"/>
  <system-out/>
  <testcase classname="b48parallelmethodsinTestNGParallelExecution.aLogin" name="loginwithInvalididandInvalidpassword" time="0.024"/>
  <system-out/>
</testsuite> <!-- b48parallelmethodsinTestNGParallelExecution.aLogin -->
