<?xml version="1.0" encoding="UTF-8"?>
<!-- Generated by org.testng.reporters.JUnitReportReporter -->
<testsuite hostname="LAPTOP-BH9IM1PN" failures="0" tests="5" name="b52paralleltestsbutthreadcount1.aLogin" time="0.022" errors="0" timestamp="2023-08-02T22:53:39 IST" skipped="0">
  <testcase classname="b52paralleltestsbutthreadcount1.aLogin" name="loginwithInvalididandInvalidpassword" time="0.011"/>
  <system-out/>
  <testcase classname="b52paralleltestsbutthreadcount1.aLogin" name="loginwithvalididandInvalidpassword" time="0.002"/>
  <system-out/>
  <testcase classname="b52paralleltestsbutthreadcount1.aLogin" name="loginwithInvalididandvalidpassword" time="0.002"/>
  <system-out/>
  <testcase classname="b52paralleltestsbutthreadcount1.aLogin" name="loginwithvalididandvalidpassword" time="0.004"/>
  <system-out/>
  <testcase classname="b52paralleltestsbutthreadcount1.aLogin" name="loginwithNoidandNopassword" time="0.003"/>
  <system-out/>
</testsuite> <!-- b52paralleltestsbutthreadcount1.aLogin -->
