<?xml version="1.0" encoding="UTF-8"?>
<!-- Generated by org.testng.reporters.JUnitReportReporter -->
<testsuite hostname="LAPTOP-BH9IM1PN" failures="0" tests="3" name="b37PartiallypassingthedatafromDataProvidermethodusingindicesattribute.aDemo" time="0.027" errors="0" timestamp="2023-08-02T07:43:46 IST" skipped="0">
  <testcase classname="b37PartiallypassingthedatafromDataProvidermethodusingindicesattribute.aDemo" name="sample" time="0.004"/>
  <system-out/>
  <testcase classname="b37PartiallypassingthedatafromDataProvidermethodusingindicesattribute.aDemo" name="sample" time="0.017"/>
  <system-out/>
  <testcase classname="b37PartiallypassingthedatafromDataProvidermethodusingindicesattribute.aDemo" name="sample" time="0.006"/>
  <system-out/>
</testsuite> <!-- b37PartiallypassingthedatafromDataProvidermethodusingindicesattribute.aDemo -->
