<?xml version="1.0" encoding="UTF-8"?>
<!-- Generated by org.testng.reporters.JUnitReportReporter -->
<testsuite hostname="LAPTOP-BH9IM1PN" failures="0" tests="4" name="b18GroupingTestsbyUsinggroupsAttributeinTestNG.bRegister" time="0.008" errors="0" timestamp="2023-07-31T21:48:18 IST" skipped="0">
  <testcase classname="b18GroupingTestsbyUsinggroupsAttributeinTestNG.bRegister" name="registerwithMandatoryfields" time="0.002"/>
  <system-out/>
  <testcase classname="b18GroupingTestsbyUsinggroupsAttributeinTestNG.bRegister" name="registerwithAllfields" time="0.002"/>
  <system-out/>
  <testcase classname="b18GroupingTestsbyUsinggroupsAttributeinTestNG.bRegister" name="registerwithDuplicatefields" time="0.002"/>
  <system-out/>
  <testcase classname="b18GroupingTestsbyUsinggroupsAttributeinTestNG.bRegister" name="registerwithAnyfields" time="0.002"/>
  <system-out/>
</testsuite> <!-- b18GroupingTestsbyUsinggroupsAttributeinTestNG.bRegister -->
