<?xml version="1.0" encoding="UTF-8"?>
<!-- Generated by org.testng.reporters.JUnitReportReporter -->
<testsuite hostname="LAPTOP-BH9IM1PN" failures="0" tests="5" name="b55parallelclassesorparallelmethodsspecifiedatsuitetaglevel.aLogin" time="0.054" errors="0" timestamp="2023-08-02T23:16:12 IST" skipped="0">
  <testcase classname="b55parallelclassesorparallelmethodsspecifiedatsuitetaglevel.aLogin" name="loginwithvalididandInvalidpassword" time="0.004"/>
  <system-out/>
  <testcase classname="b55parallelclassesorparallelmethodsspecifiedatsuitetaglevel.aLogin" name="loginwithvalididandvalidpassword" time="0.003"/>
  <system-out/>
  <testcase classname="b55parallelclassesorparallelmethodsspecifiedatsuitetaglevel.aLogin" name="loginwithInvalididandvalidpassword" time="0.023"/>
  <system-out/>
  <testcase classname="b55parallelclassesorparallelmethodsspecifiedatsuitetaglevel.aLogin" name="loginwithNoidandNopassword" time="0.002"/>
  <system-out/>
  <testcase classname="b55parallelclassesorparallelmethodsspecifiedatsuitetaglevel.aLogin" name="loginwithInvalididandInvalidpassword" time="0.022"/>
  <system-out/>
</testsuite> <!-- b55parallelclassesorparallelmethodsspecifiedatsuitetaglevel.aLogin -->
