<?xml version="1.0" encoding="UTF-8"?>
<!-- Generated by org.testng.reporters.JUnitReportReporter -->
<testsuite hostname="LAPTOP-BH9IM1PN" failures="0" tests="5" name="b40ExecutingtestsinparallelbyspecifyingparallelattributeinDataProvider.aDemo" time="51.559" errors="0" timestamp="2023-08-02T12:27:01 IST" skipped="0">
  <testcase classname="b40ExecutingtestsinparallelbyspecifyingparallelattributeinDataProvider.aDemo" name="validCredentials" time="10.150"/>
  <system-out/>
  <testcase classname="b40ExecutingtestsinparallelbyspecifyingparallelattributeinDataProvider.aDemo" name="validCredentials" time="10.323"/>
  <system-out/>
  <testcase classname="b40ExecutingtestsinparallelbyspecifyingparallelattributeinDataProvider.aDemo" name="validCredentials" time="10.367"/>
  <system-out/>
  <testcase classname="b40ExecutingtestsinparallelbyspecifyingparallelattributeinDataProvider.aDemo" name="validCredentials" time="9.883"/>
  <system-out/>
  <testcase classname="b40ExecutingtestsinparallelbyspecifyingparallelattributeinDataProvider.aDemo" name="validCredentials" time="10.836"/>
  <system-out/>
</testsuite> <!-- b40ExecutingtestsinparallelbyspecifyingparallelattributeinDataProvider.aDemo -->
