<?xml version="1.0" encoding="UTF-8"?>
<!-- Generated by org.testng.reporters.JUnitReportReporter -->
<testsuite hostname="LAPTOP-BH9IM1PN" failures="0" tests="3" name="b48parallelmethodsinTestNGParallelExecution.cSearch2" time="0.009" errors="0" timestamp="2023-08-05T09:23:14 IST" skipped="0">
  <testcase classname="b48parallelmethodsinTestNGParallelExecution.cSearch2" name="serachwithValidProduct" time="0.003"/>
  <system-out/>
  <testcase classname="b48parallelmethodsinTestNGParallelExecution.cSearch2" name="serachwithInvalidProduct" time="0.003"/>
  <system-out/>
  <testcase classname="b48parallelmethodsinTestNGParallelExecution.cSearch2" name="serachwithEmptyProduct" time="0.003"/>
  <system-out/>
</testsuite> <!-- b48parallelmethodsinTestNGParallelExecution.cSearch2 -->
