<?xml version="1.0" encoding="UTF-8"?>
<!-- Generated by org.testng.reporters.JUnitReportReporter -->
<testsuite hostname="LAPTOP-BH9IM1PN" failures="0" tests="2" name="a8AssertionInTestNG.aDemo" time="0.016" errors="0" timestamp="2023-07-31T10:58:08 IST" skipped="1">
  <testcase classname="a8AssertionInTestNG.aDemo" name="sampleMethodTwo" time="0.016"/>
  <system-out/>
  <testcase classname="a8AssertionInTestNG.aDemo" name="sampleMethodOne">
    <skipped/>
  </testcase> <!-- sampleMethodOne -->
  <system-out/>
</testsuite> <!-- a8AssertionInTestNG.aDemo -->
