<?xml version="1.0" encoding="UTF-8"?>
<!-- Generated by org.testng.reporters.JUnitReportReporter -->
<testsuite hostname="LAPTOP-BH9IM1PN" failures="0" tests="5" name="b21SubcatgeorygroupsinTestNGUsingRegularExpressions.aLogin" time="0.017" errors="0" timestamp="2023-08-01T10:38:16 IST" skipped="0">
  <testcase classname="b21SubcatgeorygroupsinTestNGUsingRegularExpressions.aLogin" name="loginwithvalididandvalidpassword" time="0.011"/>
  <system-out/>
  <testcase classname="b21SubcatgeorygroupsinTestNGUsingRegularExpressions.aLogin" name="loginwithInvalididandvalidpassword" time="0.001"/>
  <system-out/>
  <testcase classname="b21SubcatgeorygroupsinTestNGUsingRegularExpressions.aLogin" name="loginwithvalididandInvalidpassword" time="0.001"/>
  <system-out/>
  <testcase classname="b21SubcatgeorygroupsinTestNGUsingRegularExpressions.aLogin" name="loginwithInvalididandInvalidpassword" time="0.002"/>
  <system-out/>
  <testcase classname="b21SubcatgeorygroupsinTestNGUsingRegularExpressions.aLogin" name="loginwithNoidandNopassword" time="0.002"/>
  <system-out/>
</testsuite> <!-- b21SubcatgeorygroupsinTestNGUsingRegularExpressions.aLogin -->
