<?xml version="1.0" encoding="UTF-8"?>
<!-- Generated by org.testng.reporters.JUnitReportReporter -->
<testsuite hostname="LAPTOP-BH9IM1PN" failures="0" tests="5" name="b47parallelclassesinTestNGParallelExecution.aLogin" time="0.025" errors="0" timestamp="2023-08-02T17:35:35 IST" skipped="0">
  <testcase classname="b47parallelclassesinTestNGParallelExecution.aLogin" name="loginwithInvalididandInvalidpassword" time="0.014"/>
  <system-out/>
  <testcase classname="b47parallelclassesinTestNGParallelExecution.aLogin" name="loginwithNoidandNopassword" time="0.002"/>
  <system-out/>
  <testcase classname="b47parallelclassesinTestNGParallelExecution.aLogin" name="loginwithvalididandInvalidpassword" time="0.003"/>
  <system-out/>
  <testcase classname="b47parallelclassesinTestNGParallelExecution.aLogin" name="loginwithvalididandvalidpassword" time="0.003"/>
  <system-out/>
  <testcase classname="b47parallelclassesinTestNGParallelExecution.aLogin" name="loginwithInvalididandvalidpassword" time="0.003"/>
  <system-out/>
</testsuite> <!-- b47parallelclassesinTestNGParallelExecution.aLogin -->
