<?xml version="1.0" encoding="UTF-8"?>
<!-- Generated by org.testng.reporters.JUnitReportReporter -->
<testsuite hostname="LAPTOP-BH9IM1PN" failures="0" tests="10" name="b59threadPoolSizeattribute.aDemo" time="65.685" errors="0" timestamp="2023-08-05T10:39:03 IST" skipped="0">
  <testcase classname="b59threadPoolSizeattribute.aDemo" name="sample" time="5.665"/>
  <system-out/>
  <testcase classname="b59threadPoolSizeattribute.aDemo" name="sample" time="6.001"/>
  <system-out/>
  <testcase classname="b59threadPoolSizeattribute.aDemo" name="sample" time="6.038"/>
  <system-out/>
  <testcase classname="b59threadPoolSizeattribute.aDemo" name="sample" time="5.899"/>
  <system-out/>
  <testcase classname="b59threadPoolSizeattribute.aDemo" name="sample" time="5.907"/>
  <system-out/>
  <testcase classname="b59threadPoolSizeattribute.aDemo" name="sample" time="8.781"/>
  <system-out/>
  <testcase classname="b59threadPoolSizeattribute.aDemo" name="sample" time="6.852"/>
  <system-out/>
  <testcase classname="b59threadPoolSizeattribute.aDemo" name="sample" time="5.522"/>
  <system-out/>
  <testcase classname="b59threadPoolSizeattribute.aDemo" name="sample" time="5.643"/>
  <system-out/>
  <testcase classname="b59threadPoolSizeattribute.aDemo" name="sample" time="9.377"/>
  <system-out/>
</testsuite> <!-- b59threadPoolSizeattribute.aDemo -->
