<?xml version="1.0" encoding="UTF-8"?>
<!-- Generated by org.testng.reporters.JUnitReportReporter -->
<testsuite hostname="LAPTOP-BH9IM1PN" failures="0" tests="3" name="b56Defaultthreadcountwhenparallelattributeisonlymentioned.cSearch" time="0.023" errors="0" timestamp="2023-08-02T23:21:27 IST" skipped="0">
  <testcase classname="b56Defaultthreadcountwhenparallelattributeisonlymentioned.cSearch" name="serachwithValidProduct" time="0.006"/>
  <system-out/>
  <testcase classname="b56Defaultthreadcountwhenparallelattributeisonlymentioned.cSearch" name="serachwithInvalidProduct" time="0.004"/>
  <system-out/>
  <testcase classname="b56Defaultthreadcountwhenparallelattributeisonlymentioned.cSearch" name="serachwithEmptyProduct" time="0.013"/>
  <system-out/>
</testsuite> <!-- b56Defaultthreadcountwhenparallelattributeisonlymentioned.cSearch -->
