<?xml version="1.0" encoding="UTF-8"?>
<!-- Generated by org.testng.reporters.JUnitReportReporter -->
<testsuite hostname="LAPTOP-BH9IM1PN" failures="0" tests="5" name="b10TestNGAnnotations.aDemo" time="20.167" errors="0" timestamp="2023-07-31T16:04:59 IST" skipped="0">
  <testcase classname="b10TestNGAnnotations.aDemo" name="validIdandvalidPassswordCredentials" time="5.101"/>
  <system-out/>
  <testcase classname="b10TestNGAnnotations.aDemo" name="InvalidIdandInvalidPassswordCredentials" time="4.110"/>
  <system-out/>
  <testcase classname="b10TestNGAnnotations.aDemo" name="validIdandInvalidPassswordCredentials" time="3.694"/>
  <system-out/>
  <testcase classname="b10TestNGAnnotations.aDemo" name="EmptyIdandEmptyPassswordCredentials" time="3.695"/>
  <system-out/>
  <testcase classname="b10TestNGAnnotations.aDemo" name="InvalidIdandvalidPassswordCredentials" time="3.567"/>
  <system-out/>
</testsuite> <!-- b10TestNGAnnotations.aDemo -->
