<?xml version="1.0" encoding="UTF-8"?>
<!-- Generated by org.testng.reporters.JUnitReportReporter -->
<testsuite hostname="LAPTOP-BH9IM1PN" failures="0" tests="5" name="b27ExecutingTestatPackageLevel.aLogin" time="0.021" errors="0" timestamp="2023-08-05T07:55:56 IST" skipped="0">
  <testcase classname="b27ExecutingTestatPackageLevel.aLogin" name="loginwithvalididandvalidpassword" time="0.013"/>
  <system-out/>
  <testcase classname="b27ExecutingTestatPackageLevel.aLogin" name="loginwithInvalididandvalidpassword" time="0.002"/>
  <system-out/>
  <testcase classname="b27ExecutingTestatPackageLevel.aLogin" name="loginwithvalididandInvalidpassword" time="0.002"/>
  <system-out/>
  <testcase classname="b27ExecutingTestatPackageLevel.aLogin" name="loginwithInvalididandInvalidpassword" time="0.002"/>
  <system-out/>
  <testcase classname="b27ExecutingTestatPackageLevel.aLogin" name="loginwithNoidandNopassword" time="0.002"/>
  <system-out/>
</testsuite> <!-- b27ExecutingTestatPackageLevel.aLogin -->
