<?xml version="1.0" encoding="UTF-8"?>
<!-- Generated by org.testng.reporters.JUnitReportReporter -->
<testsuite hostname="LAPTOP-BH9IM1PN" failures="0" tests="1" name="b42timeOutattribute.aDemo" time="6.213" errors="0" timestamp="2023-08-02T14:47:20 IST" skipped="0">
  <testcase classname="b42timeOutattribute.aDemo" name="validCredentials" time="6.213"/>
  <system-out/>
</testsuite> <!-- b42timeOutattribute.aDemo -->
