<?xml version="1.0" encoding="UTF-8"?>
<!-- Generated by org.testng.reporters.JUnitReportReporter -->
<testsuite hostname="LAPTOP-BH9IM1PN" failures="0" tests="4" name="b50parallelfalseinTestNGParallelExecution.copy.bRegister" time="0.013" errors="0" timestamp="2023-08-02T22:49:25 IST" skipped="0">
  <testcase classname="b50parallelfalseinTestNGParallelExecution.copy.bRegister" name="registerwithAllfields" time="0.004"/>
  <system-out/>
  <testcase classname="b50parallelfalseinTestNGParallelExecution.copy.bRegister" name="registerwithAnyfields" time="0.003"/>
  <system-out/>
  <testcase classname="b50parallelfalseinTestNGParallelExecution.copy.bRegister" name="registerwithMandatoryfields" time="0.003"/>
  <system-out/>
  <testcase classname="b50parallelfalseinTestNGParallelExecution.copy.bRegister" name="registerwithDuplicatefields" time="0.003"/>
  <system-out/>
</testsuite> <!-- b50parallelfalseinTestNGParallelExecution.copy.bRegister -->
