<?xml version="1.0" encoding="UTF-8"?>
<!-- Generated by org.testng.reporters.JUnitReportReporter -->
<testsuite hostname="LAPTOP-BH9IM1PN" failures="0" tests="2" name="b17GroupingTestsinTestNG.bRegister" time="0.003" errors="0" timestamp="2023-07-31T20:38:47 IST" skipped="0">
  <testcase classname="b17GroupingTestsinTestNG.bRegister" name="registerwithAllfields" time="0.002"/>
  <system-out/>
  <testcase classname="b17GroupingTestsinTestNG.bRegister" name="registerwithDuplicatefields" time="0.001"/>
  <system-out/>
</testsuite> <!-- b17GroupingTestsinTestNG.bRegister -->
