<?xml version="1.0" encoding="UTF-8"?>
<!-- Generated by org.testng.reporters.JUnitReportReporter -->
<testsuite hostname="LAPTOP-BH9IM1PN" failures="0" tests="4" name="b20PartialgroupsinTestNG.bRegister" time="0.010" errors="0" timestamp="2023-08-01T15:41:11 IST" skipped="0">
  <testcase classname="b20PartialgroupsinTestNG.bRegister" name="registerwithMandatoryfields" time="0.003"/>
  <system-out/>
  <testcase classname="b20PartialgroupsinTestNG.bRegister" name="registerwithAllfields" time="0.004"/>
  <system-out/>
  <testcase classname="b20PartialgroupsinTestNG.bRegister" name="registerwithDuplicatefields" time="0.002"/>
  <system-out/>
  <testcase classname="b20PartialgroupsinTestNG.bRegister" name="registerwithAnyfields" time="0.001"/>
  <system-out/>
</testsuite> <!-- b20PartialgroupsinTestNG.bRegister -->
