<?xml version="1.0" encoding="UTF-8"?>
<!-- Generated by org.testng.reporters.JUnitReportReporter -->
<testsuite hostname="LAPTOP-BH9IM1PN" failures="0" tests="4" name="b54Morethreadsandlessnumberoftests.bRegister" time="0.012" errors="0" timestamp="2023-08-05T10:30:26 IST" skipped="0">
  <testcase classname="b54Morethreadsandlessnumberoftests.bRegister" name="registerwithAnyfields" time="0.003"/>
  <system-out/>
  <testcase classname="b54Morethreadsandlessnumberoftests.bRegister" name="registerwithAllfields" time="0.003"/>
  <system-out/>
  <testcase classname="b54Morethreadsandlessnumberoftests.bRegister" name="registerwithDuplicatefields" time="0.003"/>
  <system-out/>
  <testcase classname="b54Morethreadsandlessnumberoftests.bRegister" name="registerwithMandatoryfields" time="0.003"/>
  <system-out/>
</testsuite> <!-- b54Morethreadsandlessnumberoftests.bRegister -->
