<?xml version="1.0" encoding="UTF-8"?>
<!-- Generated by org.testng.reporters.JUnitReportReporter -->
<testsuite hostname="LAPTOP-BH9IM1PN" failures="0" tests="4" name="b45paralleltestsinTestNGParallelexecution.bRegister" time="0.035" errors="0" timestamp="2023-08-02T17:22:05 IST" skipped="0">
  <testcase classname="b45paralleltestsinTestNGParallelexecution.bRegister" name="registerwithAllfields" time="0.023"/>
  <system-out/>
  <testcase classname="b45paralleltestsinTestNGParallelexecution.bRegister" name="registerwithDuplicatefields" time="0.004"/>
  <system-out/>
  <testcase classname="b45paralleltestsinTestNGParallelexecution.bRegister" name="registerwithAnyfields" time="0.004"/>
  <system-out/>
  <testcase classname="b45paralleltestsinTestNGParallelexecution.bRegister" name="registerwithMandatoryfields" time="0.004"/>
  <system-out/>
</testsuite> <!-- b45paralleltestsinTestNGParallelexecution.bRegister -->
