<?xml version="1.0" encoding="UTF-8"?>
<!-- Generated by org.testng.reporters.JUnitReportReporter -->
<testsuite hostname="LAPTOP-BH9IM1PN" failures="0" tests="4" name="b56Defaultthreadcountwhenparallelattributeisonlymentioned.bRegister" time="0.044" errors="0" timestamp="2023-08-05T10:33:43 IST" skipped="0">
  <testcase classname="b56Defaultthreadcountwhenparallelattributeisonlymentioned.bRegister" name="registerwithAllfields" time="0.016"/>
  <system-out/>
  <testcase classname="b56Defaultthreadcountwhenparallelattributeisonlymentioned.bRegister" name="registerwithAnyfields" time="0.007"/>
  <system-out/>
  <testcase classname="b56Defaultthreadcountwhenparallelattributeisonlymentioned.bRegister" name="registerwithDuplicatefields" time="0.012"/>
  <system-out/>
  <testcase classname="b56Defaultthreadcountwhenparallelattributeisonlymentioned.bRegister" name="registerwithMandatoryfields" time="0.009"/>
  <system-out/>
</testsuite> <!-- b56Defaultthreadcountwhenparallelattributeisonlymentioned.bRegister -->
