<?xml version="1.0" encoding="UTF-8"?>
<!-- Generated by org.testng.reporters.JUnitReportReporter -->
<testsuite hostname="LAPTOP-BH9IM1PN" failures="0" tests="3" name="b69AvoidingScreenshotOverriding.cSearch" time="0.028" errors="0" timestamp="2023-08-03T10:58:34 IST" skipped="0">
  <testcase classname="b69AvoidingScreenshotOverriding.cSearch" name="serachwithInvalidProduct" time="0.004"/>
  <system-out/>
  <testcase classname="b69AvoidingScreenshotOverriding.cSearch" name="serachwithEmptyProduct" time="0.021"/>
  <system-out/>
  <testcase classname="b69AvoidingScreenshotOverriding.cSearch" name="serachwithValidProduct" time="0.003"/>
  <system-out/>
</testsuite> <!-- b69AvoidingScreenshotOverriding.cSearch -->
