<?xml version="1.0" encoding="UTF-8"?>
<!-- Generated by org.testng.reporters.JUnitReportReporter -->
<testsuite hostname="LAPTOP-BH9IM1PN" failures="0" tests="1" name="b12OptionalParameterInTestNG.aDemo" time="4.254" errors="0" timestamp="2023-07-31T17:12:39 IST" skipped="0">
  <testcase classname="b12OptionalParameterInTestNG.aDemo" name="validCredentials" time="4.254"/>
  <system-out/>
</testsuite> <!-- b12OptionalParameterInTestNG.aDemo -->
