<?xml version="1.0" encoding="UTF-8"?>
<!-- Generated by org.testng.reporters.JUnitReportReporter -->
<testsuite hostname="LAPTOP-BH9IM1PN" failures="0" tests="3" name="b54Morethreadsandlessnumberoftests.cSearch2" time="0.026" errors="0" timestamp="2023-08-05T10:30:26 IST" skipped="0">
  <testcase classname="b54Morethreadsandlessnumberoftests.cSearch2" name="serachwithEmptyProduct" time="0.018"/>
  <system-out/>
  <testcase classname="b54Morethreadsandlessnumberoftests.cSearch2" name="serachwithInvalidProduct" time="0.005"/>
  <system-out/>
  <testcase classname="b54Morethreadsandlessnumberoftests.cSearch2" name="serachwithValidProduct" time="0.003"/>
  <system-out/>
</testsuite> <!-- b54Morethreadsandlessnumberoftests.cSearch2 -->
