<?xml version="1.0" encoding="UTF-8"?>
<!-- Generated by org.testng.reporters.JUnitReportReporter -->
<testsuite hostname="LAPTOP-BH9IM1PN" failures="0" tests="5" name="b18GroupingTestsbyUsinggroupsAttributeinTestNG.aLogin" time="0.011" errors="0" timestamp="2023-08-01T15:41:11 IST" skipped="0">
  <testcase classname="b18GroupingTestsbyUsinggroupsAttributeinTestNG.aLogin" name="loginwithvalididandvalidpassword" time="0.002"/>
  <system-out/>
  <testcase classname="b18GroupingTestsbyUsinggroupsAttributeinTestNG.aLogin" name="loginwithInvalididandvalidpassword" time="0.001"/>
  <system-out/>
  <testcase classname="b18GroupingTestsbyUsinggroupsAttributeinTestNG.aLogin" name="loginwithvalididandInvalidpassword" time="0.002"/>
  <system-out/>
  <testcase classname="b18GroupingTestsbyUsinggroupsAttributeinTestNG.aLogin" name="loginwithInvalididandInvalidpassword" time="0.004"/>
  <system-out/>
  <testcase classname="b18GroupingTestsbyUsinggroupsAttributeinTestNG.aLogin" name="loginwithNoidandNopassword" time="0.002"/>
  <system-out/>
</testsuite> <!-- b18GroupingTestsbyUsinggroupsAttributeinTestNG.aLogin -->
