<?xml version="1.0" encoding="UTF-8"?>
<!-- Generated by org.testng.reporters.JUnitReportReporter -->
<testsuite hostname="LAPTOP-BH9IM1PN" failures="0" tests="3" name="b51parallelnoneinTestNGParallelExecution.cSearch" time="0.007" errors="0" timestamp="2023-08-05T09:55:08 IST" skipped="0">
  <testcase classname="b51parallelnoneinTestNGParallelExecution.cSearch" name="serachwithInvalidProduct" time="0.002"/>
  <system-out/>
  <testcase classname="b51parallelnoneinTestNGParallelExecution.cSearch" name="serachwithEmptyProduct" time="0.003"/>
  <system-out/>
  <testcase classname="b51parallelnoneinTestNGParallelExecution.cSearch" name="serachwithValidProduct" time="0.002"/>
  <system-out/>
</testsuite> <!-- b51parallelnoneinTestNGParallelExecution.cSearch -->
