<?xml version="1.0" encoding="UTF-8"?>
<!-- Generated by org.testng.reporters.JUnitReportReporter -->
<testsuite hostname="LAPTOP-BH9IM1PN" failures="0" tests="3" name="b64ImplementingListenersatSuiteLevelintestngxmlfile.cSearch" time="0.010" errors="0" timestamp="2023-08-03T08:51:49 IST" skipped="0">
  <testcase classname="b64ImplementingListenersatSuiteLevelintestngxmlfile.cSearch" name="serachwithInvalidProduct" time="0.004"/>
  <system-out/>
  <testcase classname="b64ImplementingListenersatSuiteLevelintestngxmlfile.cSearch" name="serachwithValidProduct" time="0.002"/>
  <system-out/>
  <testcase classname="b64ImplementingListenersatSuiteLevelintestngxmlfile.cSearch" name="serachwithEmptyProduct" time="0.004"/>
  <system-out/>
</testsuite> <!-- b64ImplementingListenersatSuiteLevelintestngxmlfile.cSearch -->
