<?xml version="1.0" encoding="UTF-8"?>
<!-- Generated by org.testng.reporters.JUnitReportReporter -->
<testsuite hostname="LAPTOP-BH9IM1PN" failures="0" tests="3" name="b18GroupingTestsbyUsinggroupsAttributeinTestNG.cSearch" time="0.006" errors="0" timestamp="2023-07-31T21:48:18 IST" skipped="0">
  <testcase classname="b18GroupingTestsbyUsinggroupsAttributeinTestNG.cSearch" name="serachwithValidProduct" time="0.002"/>
  <system-out/>
  <testcase classname="b18GroupingTestsbyUsinggroupsAttributeinTestNG.cSearch" name="serachwithInvalidProduct" time="0.002"/>
  <system-out/>
  <testcase classname="b18GroupingTestsbyUsinggroupsAttributeinTestNG.cSearch" name="serachwithEmptyProduct" time="0.002"/>
  <system-out/>
</testsuite> <!-- b18GroupingTestsbyUsinggroupsAttributeinTestNG.cSearch -->
