<?xml version="1.0" encoding="UTF-8"?>
<!-- Generated by org.testng.reporters.JUnitReportReporter -->
<testsuite hostname="LAPTOP-BH9IM1PN" failures="0" tests="3" name="b21SubcatgeorygroupsinTestNGUsingRegularExpressions.cSearch" time="0.005" errors="0" timestamp="2023-08-01T10:38:16 IST" skipped="0">
  <testcase classname="b21SubcatgeorygroupsinTestNGUsingRegularExpressions.cSearch" name="serachwithValidProduct" time="0.001"/>
  <system-out/>
  <testcase classname="b21SubcatgeorygroupsinTestNGUsingRegularExpressions.cSearch" name="serachwithInvalidProduct" time="0.002"/>
  <system-out/>
  <testcase classname="b21SubcatgeorygroupsinTestNGUsingRegularExpressions.cSearch" name="serachwithEmptyProduct" time="0.002"/>
  <system-out/>
</testsuite> <!-- b21SubcatgeorygroupsinTestNGUsingRegularExpressions.cSearch -->
