<?xml version="1.0" encoding="UTF-8"?>
<!-- Generated by org.testng.reporters.JUnitReportReporter -->
<testsuite hostname="LAPTOP-BH9IM1PN" failures="0" tests="4" name="b28TestNG_Parameterization_DataProviderannotation_and_dataProvider_attribute.aDemo" time="16.111" errors="0" timestamp="2023-08-05T07:58:45 IST" skipped="0">
  <testcase classname="b28TestNG_Parameterization_DataProviderannotation_and_dataProvider_attribute.aDemo" name="validCredentials" time="4.862"/>
  <system-out/>
  <testcase classname="b28TestNG_Parameterization_DataProviderannotation_and_dataProvider_attribute.aDemo" name="validCredentials" time="3.883"/>
  <system-out/>
  <testcase classname="b28TestNG_Parameterization_DataProviderannotation_and_dataProvider_attribute.aDemo" name="validCredentials" time="3.800"/>
  <system-out/>
  <testcase classname="b28TestNG_Parameterization_DataProviderannotation_and_dataProvider_attribute.aDemo" name="validCredentials" time="3.566"/>
  <system-out/>
</testsuite> <!-- b28TestNG_Parameterization_DataProviderannotation_and_dataProvider_attribute.aDemo -->
