<?xml version="1.0" encoding="UTF-8"?>
<!-- Generated by org.testng.reporters.JUnitReportReporter -->
<testsuite hostname="LAPTOP-BH9IM1PN" failures="0" tests="5" name="a6UsingPriorityInTestNG.aDemo" time="0.017" errors="0" timestamp="2023-07-31T09:52:10 IST" skipped="0">
  <testcase classname="a6UsingPriorityInTestNG.aDemo" name="sampleFive" time="0.012"/>
  <system-out/>
  <testcase classname="a6UsingPriorityInTestNG.aDemo" name="sampleTwo" time="0.001"/>
  <system-out/>
  <testcase classname="a6UsingPriorityInTestNG.aDemo" name="sampleThree" time="0.002"/>
  <system-out/>
  <testcase classname="a6UsingPriorityInTestNG.aDemo" name="sampleOne" time="0.001"/>
  <system-out/>
  <testcase classname="a6UsingPriorityInTestNG.aDemo" name="sampleFour" time="0.001"/>
  <system-out/>
</testsuite> <!-- a6UsingPriorityInTestNG.aDemo -->
