<?xml version="1.0" encoding="UTF-8"?>
<!-- Generated by org.testng.reporters.JUnitReportReporter -->
<testsuite hostname="LAPTOP-BH9IM1PN" failures="0" tests="4" name="b30ParameterizingTestmethodwithArrayparameter.aDemo" time="15.431" errors="0" timestamp="2023-08-05T08:08:31 IST" skipped="0">
  <testcase classname="b30ParameterizingTestmethodwithArrayparameter.aDemo" name="validCredentials" time="4.781"/>
  <system-out/>
  <testcase classname="b30ParameterizingTestmethodwithArrayparameter.aDemo" name="validCredentials" time="3.651"/>
  <system-out/>
  <testcase classname="b30ParameterizingTestmethodwithArrayparameter.aDemo" name="validCredentials" time="3.670"/>
  <system-out/>
  <testcase classname="b30ParameterizingTestmethodwithArrayparameter.aDemo" name="validCredentials" time="3.329"/>
  <system-out/>
</testsuite> <!-- b30ParameterizingTestmethodwithArrayparameter.aDemo -->
