<?xml version="1.0" encoding="UTF-8"?>
<!-- Generated by org.testng.reporters.JUnitReportReporter -->
<testsuite hostname="LAPTOP-BH9IM1PN" failures="0" tests="2" name="b14EnableandDisableTestMethodsUsingEnableORIgnoreAttribute.aDemo" time="4.854" errors="0" timestamp="2023-07-31T17:40:48 IST" skipped="1">
  <testcase classname="b14EnableandDisableTestMethodsUsingEnableORIgnoreAttribute.aDemo" name="validCredentials1" time="4.854"/>
  <system-out/>
  <testcase classname="b14EnableandDisableTestMethodsUsingEnableORIgnoreAttribute.aDemo" name="validCredentials">
    <skipped/>
  </testcase> <!-- validCredentials -->
  <system-out/>
</testsuite> <!-- b14EnableandDisableTestMethodsUsingEnableORIgnoreAttribute.aDemo -->
