<?xml version="1.0" encoding="UTF-8"?>
<!-- Generated by org.testng.reporters.JUnitReportReporter -->
<testsuite hostname="LAPTOP-BH9IM1PN" failures="0" tests="5" name="b18GroupingTests_byUsing_groupsAttribute_inTestNG.aLogin" time="0.018" errors="0" timestamp="2023-08-05T07:34:49 IST" skipped="0">
  <testcase classname="b18GroupingTests_byUsing_groupsAttribute_inTestNG.aLogin" name="loginwithvalididandvalidpassword" time="0.012"/>
  <system-out/>
  <testcase classname="b18GroupingTests_byUsing_groupsAttribute_inTestNG.aLogin" name="loginwithInvalididandvalidpassword" time="0.002"/>
  <system-out/>
  <testcase classname="b18GroupingTests_byUsing_groupsAttribute_inTestNG.aLogin" name="loginwithvalididandInvalidpassword" time="0.001"/>
  <system-out/>
  <testcase classname="b18GroupingTests_byUsing_groupsAttribute_inTestNG.aLogin" name="loginwithInvalididandInvalidpassword" time="0.001"/>
  <system-out/>
  <testcase classname="b18GroupingTests_byUsing_groupsAttribute_inTestNG.aLogin" name="loginwithNoidandNopassword" time="0.002"/>
  <system-out/>
</testsuite> <!-- b18GroupingTests_byUsing_groupsAttribute_inTestNG.aLogin -->
