<?xml version="1.0" encoding="UTF-8"?>
<!-- Generated by org.testng.reporters.JUnitReportReporter -->
<testsuite hostname="LAPTOP-BH9IM1PN" failures="0" tests="5" name="b50parallelfalseinTestNGParallelExecution.copy.aLogin" time="0.040" errors="0" timestamp="2023-08-05T09:51:39 IST" skipped="0">
  <testcase classname="b50parallelfalseinTestNGParallelExecution.copy.aLogin" name="loginwithInvalididandvalidpassword" time="0.004"/>
  <system-out/>
  <testcase classname="b50parallelfalseinTestNGParallelExecution.copy.aLogin" name="loginwithNoidandNopassword" time="0.003"/>
  <system-out/>
  <testcase classname="b50parallelfalseinTestNGParallelExecution.copy.aLogin" name="loginwithInvalididandInvalidpassword" time="0.027"/>
  <system-out/>
  <testcase classname="b50parallelfalseinTestNGParallelExecution.copy.aLogin" name="loginwithvalididandInvalidpassword" time="0.003"/>
  <system-out/>
  <testcase classname="b50parallelfalseinTestNGParallelExecution.copy.aLogin" name="loginwithvalididandvalidpassword" time="0.003"/>
  <system-out/>
</testsuite> <!-- b50parallelfalseinTestNGParallelExecution.copy.aLogin -->
