<?xml version="1.0" encoding="UTF-8"?>
<!-- Generated by org.testng.reporters.JUnitReportReporter -->
<testsuite hostname="LAPTOP-BH9IM1PN" failures="0" tests="10" name="b57invocationCountattribute.aDemo" time="48.517" errors="0" timestamp="2023-08-02T23:34:59 IST" skipped="0">
  <testcase classname="b57invocationCountattribute.aDemo" name="sample" time="4.015"/>
  <system-out/>
  <testcase classname="b57invocationCountattribute.aDemo" name="sample" time="4.633"/>
  <system-out/>
  <testcase classname="b57invocationCountattribute.aDemo" name="sample" time="4.027"/>
  <system-out/>
  <testcase classname="b57invocationCountattribute.aDemo" name="sample" time="4.525"/>
  <system-out/>
  <testcase classname="b57invocationCountattribute.aDemo" name="sample" time="4.815"/>
  <system-out/>
  <testcase classname="b57invocationCountattribute.aDemo" name="sample" time="5.276"/>
  <system-out/>
  <testcase classname="b57invocationCountattribute.aDemo" name="sample" time="5.225"/>
  <system-out/>
  <testcase classname="b57invocationCountattribute.aDemo" name="sample" time="4.384"/>
  <system-out/>
  <testcase classname="b57invocationCountattribute.aDemo" name="sample" time="4.375"/>
  <system-out/>
  <testcase classname="b57invocationCountattribute.aDemo" name="sample" time="7.242"/>
  <system-out/>
</testsuite> <!-- b57invocationCountattribute.aDemo -->
