<?xml version="1.0" encoding="UTF-8"?>
<!-- Generated by org.testng.reporters.JUnitReportReporter -->
<testsuite hostname="LAPTOP-BH9IM1PN" failures="0" tests="5" name="b19MetagroupsinTestNG.aLogin" time="0.012" errors="0" timestamp="2023-08-01T15:41:11 IST" skipped="0">
  <testcase classname="b19MetagroupsinTestNG.aLogin" name="loginwithvalididandvalidpassword" time="0.003"/>
  <system-out/>
  <testcase classname="b19MetagroupsinTestNG.aLogin" name="loginwithInvalididandvalidpassword" time="0.003"/>
  <system-out/>
  <testcase classname="b19MetagroupsinTestNG.aLogin" name="loginwithvalididandInvalidpassword" time="0.002"/>
  <system-out/>
  <testcase classname="b19MetagroupsinTestNG.aLogin" name="loginwithInvalididandInvalidpassword" time="0.002"/>
  <system-out/>
  <testcase classname="b19MetagroupsinTestNG.aLogin" name="loginwithNoidandNopassword" time="0.002"/>
  <system-out/>
</testsuite> <!-- b19MetagroupsinTestNG.aLogin -->
