<?xml version="1.0" encoding="UTF-8"?>
<!-- Generated by org.testng.reporters.JUnitReportReporter -->
<testsuite hostname="LAPTOP-BH9IM1PN" failures="0" tests="2" name="a8AssertionInTestNG.gAssertFalse" time="0.013" errors="0" timestamp="2023-07-31T11:28:47 IST" skipped="1">
  <testcase classname="a8AssertionInTestNG.gAssertFalse" name="sampleMethodTwo" time="0.013"/>
  <system-out/>
  <testcase classname="a8AssertionInTestNG.gAssertFalse" name="sampleMethod">
    <skipped/>
  </testcase> <!-- sampleMethod -->
  <system-out/>
</testsuite> <!-- a8AssertionInTestNG.gAssertFalse -->
