<?xml version="1.0" encoding="UTF-8"?>
<!-- Generated by org.testng.reporters.JUnitReportReporter -->
<testsuite hostname="LAPTOP-BH9IM1PN" failures="0" tests="2" name="a8AssertionInTestNG.eAssertTrue" time="0.015" errors="0" timestamp="2023-07-31T11:18:29 IST" skipped="1">
  <testcase classname="a8AssertionInTestNG.eAssertTrue" name="sampleMethod" time="0.015"/>
  <system-out/>
  <testcase classname="a8AssertionInTestNG.eAssertTrue" name="sampleMethodTwo">
    <skipped/>
  </testcase> <!-- sampleMethodTwo -->
  <system-out/>
</testsuite> <!-- a8AssertionInTestNG.eAssertTrue -->
