<?xml version="1.0" encoding="UTF-8"?>
<!-- Generated by org.testng.reporters.JUnitReportReporter -->
<testsuite hostname="LAPTOP-BH9IM1PN" failures="0" tests="5" name="b18GroupingTestsbyUsinggroupsAttributeinTestNG.aLogin" time="0.034" errors="0" timestamp="2023-07-31T21:48:18 IST" skipped="0">
  <testcase classname="b18GroupingTestsbyUsinggroupsAttributeinTestNG.aLogin" name="loginwithvalididandvalidpassword" time="0.023"/>
  <system-out/>
  <testcase classname="b18GroupingTestsbyUsinggroupsAttributeinTestNG.aLogin" name="loginwithInvalididandvalidpassword" time="0.003"/>
  <system-out/>
  <testcase classname="b18GroupingTestsbyUsinggroupsAttributeinTestNG.aLogin" name="loginwithvalididandInvalidpassword" time="0.003"/>
  <system-out/>
  <testcase classname="b18GroupingTestsbyUsinggroupsAttributeinTestNG.aLogin" name="loginwithInvalididandInvalidpassword" time="0.002"/>
  <system-out/>
  <testcase classname="b18GroupingTestsbyUsinggroupsAttributeinTestNG.aLogin" name="loginwithNoidandNopassword" time="0.003"/>
  <system-out/>
</testsuite> <!-- b18GroupingTestsbyUsinggroupsAttributeinTestNG.aLogin -->
