<?xml version="1.0" encoding="UTF-8"?>
<!-- Generated by org.testng.reporters.JUnitReportReporter -->
<testsuite hostname="LAPTOP-BH9IM1PN" failures="0" tests="4" name="b72DefaultTestNGreportsandtheirrealtimeusage.bRegister" time="0.006" errors="0" timestamp="2023-08-03T18:28:14 IST" skipped="0">
  <testcase classname="b72DefaultTestNGreportsandtheirrealtimeusage.bRegister" name="registerwithDuplicatefields" time="0.001"/>
  <system-out/>
  <testcase classname="b72DefaultTestNGreportsandtheirrealtimeusage.bRegister" name="registerwithMandatoryfields" time="0.001"/>
  <system-out/>
  <testcase classname="b72DefaultTestNGreportsandtheirrealtimeusage.bRegister" name="registerwithAllfields" time="0.002"/>
  <system-out/>
  <testcase classname="b72DefaultTestNGreportsandtheirrealtimeusage.bRegister" name="registerwithAnyfields" time="0.002"/>
  <system-out/>
</testsuite> <!-- b72DefaultTestNGreportsandtheirrealtimeusage.bRegister -->
