<?xml version="1.0" encoding="UTF-8"?>
<!-- Generated by org.testng.reporters.JUnitReportReporter -->
<testsuite hostname="LAPTOP-BH9IM1PN" failures="0" tests="1" name="a8AssertionInTestNG.jAssertNotNull" time="0.013" errors="0" timestamp="2023-07-31T11:42:28 IST" skipped="0">
  <testcase classname="a8AssertionInTestNG.jAssertNotNull" name="sampleMethod" time="0.013"/>
  <system-out/>
</testsuite> <!-- a8AssertionInTestNG.jAssertNotNull -->
