<?xml version="1.0" encoding="UTF-8"?>
<!-- Generated by org.testng.reporters.JUnitReportReporter -->
<testsuite hostname="LAPTOP-BH9IM1PN" failures="0" tests="4" name="b70RetrievingTestTagnamealongwithTestName.bRegister" time="0.014" errors="0" timestamp="2023-08-03T17:23:25 IST" skipped="0">
  <testcase classname="b70RetrievingTestTagnamealongwithTestName.bRegister" name="registerwithAnyfields" time="0.002"/>
  <system-out/>
  <testcase classname="b70RetrievingTestTagnamealongwithTestName.bRegister" name="registerwithAllfields" time="0.007"/>
  <system-out/>
  <testcase classname="b70RetrievingTestTagnamealongwithTestName.bRegister" name="registerwithDuplicatefields" time="0.003"/>
  <system-out/>
  <testcase classname="b70RetrievingTestTagnamealongwithTestName.bRegister" name="registerwithMandatoryfields" time="0.002"/>
  <system-out/>
</testsuite> <!-- b70RetrievingTestTagnamealongwithTestName.bRegister -->
