<?xml version="1.0" encoding="UTF-8"?>
<!-- Generated by org.testng.reporters.JUnitReportReporter -->
<testsuite hostname="LAPTOP-BH9IM1PN" failures="0" tests="3" name="b49Multipletesttagsbutonlyfewtesttagsenabledforparallelexecution.cSearch" time="0.004" errors="0" timestamp="2023-08-02T22:32:46 IST" skipped="0">
  <testcase classname="b49Multipletesttagsbutonlyfewtesttagsenabledforparallelexecution.cSearch" name="serachwithInvalidProduct" time="0.002"/>
  <system-out/>
  <testcase classname="b49Multipletesttagsbutonlyfewtesttagsenabledforparallelexecution.cSearch" name="serachwithEmptyProduct" time="0.001"/>
  <system-out/>
  <testcase classname="b49Multipletesttagsbutonlyfewtesttagsenabledforparallelexecution.cSearch" name="serachwithValidProduct" time="0.001"/>
  <system-out/>
</testsuite> <!-- b49Multipletesttagsbutonlyfewtesttagsenabledforparallelexecution.cSearch -->
