<?xml version="1.0" encoding="UTF-8"?>
<!-- Generated by org.testng.reporters.JUnitReportReporter -->
<testsuite hostname="LAPTOP-BH9IM1PN" failures="0" tests="4" name="b29NamingDataProvidermethodusingnameattribute.aDemo" time="16.841" errors="0" timestamp="2023-08-01T20:36:59 IST" skipped="0">
  <testcase classname="b29NamingDataProvidermethodusingnameattribute.aDemo" name="validCredentials" time="6.361"/>
  <system-out/>
  <testcase classname="b29NamingDataProvidermethodusingnameattribute.aDemo" name="validCredentials" time="3.589"/>
  <system-out/>
  <testcase classname="b29NamingDataProvidermethodusingnameattribute.aDemo" name="validCredentials" time="3.498"/>
  <system-out/>
  <testcase classname="b29NamingDataProvidermethodusingnameattribute.aDemo" name="validCredentials" time="3.393"/>
  <system-out/>
</testsuite> <!-- b29NamingDataProvidermethodusingnameattribute.aDemo -->
