<?xml version="1.0" encoding="UTF-8"?>
<!-- Generated by org.testng.reporters.JUnitReportReporter -->
<testsuite hostname="LAPTOP-BH9IM1PN" failures="0" tests="3" name="b68TakingscreenshotsforFailedTestsusingListeners.cSearch" time="0.019" errors="0" timestamp="2023-08-03T11:04:58 IST" skipped="0">
  <testcase classname="b68TakingscreenshotsforFailedTestsusingListeners.cSearch" name="serachwithValidProduct" time="0.004"/>
  <system-out/>
  <testcase classname="b68TakingscreenshotsforFailedTestsusingListeners.cSearch" name="serachwithEmptyProduct" time="0.012"/>
  <system-out/>
  <testcase classname="b68TakingscreenshotsforFailedTestsusingListeners.cSearch" name="serachwithInvalidProduct" time="0.003"/>
  <system-out/>
</testsuite> <!-- b68TakingscreenshotsforFailedTestsusingListeners.cSearch -->
