<?xml version="1.0" encoding="UTF-8"?>
<!-- Generated by org.testng.reporters.JUnitReportReporter -->
<testsuite hostname="LAPTOP-BH9IM1PN" failures="0" tests="4" name="b65onStartandonFinishITestListenermethods.bRegister" time="0.010" errors="0" timestamp="2023-08-03T09:04:48 IST" skipped="0">
  <testcase classname="b65onStartandonFinishITestListenermethods.bRegister" name="registerwithMandatoryfields" time="0.003"/>
  <system-out/>
  <testcase classname="b65onStartandonFinishITestListenermethods.bRegister" name="registerwithAllfields" time="0.003"/>
  <system-out/>
  <testcase classname="b65onStartandonFinishITestListenermethods.bRegister" name="registerwithAnyfields" time="0.002"/>
  <system-out/>
  <testcase classname="b65onStartandonFinishITestListenermethods.bRegister" name="registerwithDuplicatefields" time="0.002"/>
  <system-out/>
</testsuite> <!-- b65onStartandonFinishITestListenermethods.bRegister -->
