<?xml version="1.0" encoding="UTF-8"?>
<!-- Generated by org.testng.reporters.JUnitReportReporter -->
<testsuite hostname="LAPTOP-BH9IM1PN" failures="0" tests="3" name="b36JaggedArraysandDataProviders.aDemo" time="0.018" errors="0" timestamp="2023-08-02T07:30:53 IST" skipped="0">
  <testcase classname="b36JaggedArraysandDataProviders.aDemo" name="sample" time="0.003"/>
  <system-out/>
  <testcase classname="b36JaggedArraysandDataProviders.aDemo" name="sample" time="0.013"/>
  <system-out/>
  <testcase classname="b36JaggedArraysandDataProviders.aDemo" name="sample" time="0.002"/>
  <system-out/>
</testsuite> <!-- b36JaggedArraysandDataProviders.aDemo -->
