<?xml version="1.0" encoding="UTF-8"?>
<!-- Generated by org.testng.reporters.JUnitReportReporter -->
<testsuite hostname="LAPTOP-BH9IM1PN" failures="0" tests="1" name="b13EnableParameterInTestNG.aDemo" time="12.218" errors="0" timestamp="2023-07-31T17:15:03 IST" skipped="0">
  <testcase classname="b13EnableParameterInTestNG.aDemo" name="validCredentials" time="12.218"/>
  <system-out/>
</testsuite> <!-- b13EnableParameterInTestNG.aDemo -->
