<?xml version="1.0" encoding="UTF-8"?>
<!-- Generated by org.testng.reporters.JUnitReportReporter -->
<testsuite hostname="LAPTOP-BH9IM1PN" failures="0" tests="4" name="b47parallelclassesinTestNGParallelExecution.bRegister" time="0.021" errors="0" timestamp="2023-08-02T17:35:35 IST" skipped="0">
  <testcase classname="b47parallelclassesinTestNGParallelExecution.bRegister" name="registerwithDuplicatefields" time="0.002"/>
  <system-out/>
  <testcase classname="b47parallelclassesinTestNGParallelExecution.bRegister" name="registerwithAnyfields" time="0.004"/>
  <system-out/>
  <testcase classname="b47parallelclassesinTestNGParallelExecution.bRegister" name="registerwithMandatoryfields" time="0.002"/>
  <system-out/>
  <testcase classname="b47parallelclassesinTestNGParallelExecution.bRegister" name="registerwithAllfields" time="0.013"/>
  <system-out/>
</testsuite> <!-- b47parallelclassesinTestNGParallelExecution.bRegister -->
