<?xml version="1.0" encoding="UTF-8"?>
<!-- Generated by org.testng.reporters.JUnitReportReporter -->
<testsuite hostname="LAPTOP-BH9IM1PN" failures="0" tests="4" name="b31SeparatingDataProviderintoaseparateClassusingdataProviderClassattribute.aDemo" time="14.920" errors="0" timestamp="2023-08-05T08:10:54 IST" skipped="0">
  <testcase classname="b31SeparatingDataProviderintoaseparateClassusingdataProviderClassattribute.aDemo" name="validCredentials" time="4.461"/>
  <system-out/>
  <testcase classname="b31SeparatingDataProviderintoaseparateClassusingdataProviderClassattribute.aDemo" name="validCredentials" time="3.354"/>
  <system-out/>
  <testcase classname="b31SeparatingDataProviderintoaseparateClassusingdataProviderClassattribute.aDemo" name="validCredentials" time="3.390"/>
  <system-out/>
  <testcase classname="b31SeparatingDataProviderintoaseparateClassusingdataProviderClassattribute.aDemo" name="validCredentials" time="3.715"/>
  <system-out/>
</testsuite> <!-- b31SeparatingDataProviderintoaseparateClassusingdataProviderClassattribute.aDemo -->
