<?xml version="1.0" encoding="UTF-8"?>
<!-- Generated by org.testng.reporters.JUnitReportReporter -->
<testsuite hostname="LAPTOP-BH9IM1PN" failures="0" tests="5" name="b68TakingscreenshotsforFailedTestsusingListeners.aSample" time="26.716" errors="0" timestamp="2023-08-03T09:41:28 IST" skipped="0">
  <testcase classname="b68TakingscreenshotsforFailedTestsusingListeners.aSample" name="validIdandvalidPassswordCredentials" time="4.935"/>
  <system-out/>
  <testcase classname="b68TakingscreenshotsforFailedTestsusingListeners.aSample" name="InvalidIdandInvalidPassswordCredentials" time="7.073"/>
  <system-out/>
  <testcase classname="b68TakingscreenshotsforFailedTestsusingListeners.aSample" name="validIdandInvalidPassswordCredentials" time="5.004"/>
  <system-out/>
  <testcase classname="b68TakingscreenshotsforFailedTestsusingListeners.aSample" name="EmptyIdandEmptyPassswordCredentials" time="4.779"/>
  <system-out/>
  <testcase classname="b68TakingscreenshotsforFailedTestsusingListeners.aSample" name="InvalidIdandvalidPassswordCredentials" time="4.925"/>
  <system-out/>
</testsuite> <!-- b68TakingscreenshotsforFailedTestsusingListeners.aSample -->
