<?xml version="1.0" encoding="UTF-8"?>
<!-- Generated by org.testng.reporters.JUnitReportReporter -->
<testsuite hostname="LAPTOP-BH9IM1PN" failures="0" tests="3" name="b34WhywehavetouseObjectarraytoreturndata.aDemo" time="0.017" errors="0" timestamp="2023-08-01T23:18:20 IST" skipped="0">
  <testcase classname="b34WhywehavetouseObjectarraytoreturndata.aDemo" name="sample" time="0.003"/>
  <system-out/>
  <testcase classname="b34WhywehavetouseObjectarraytoreturndata.aDemo" name="sample" time="0.011"/>
  <system-out/>
  <testcase classname="b34WhywehavetouseObjectarraytoreturndata.aDemo" name="sample" time="0.003"/>
  <system-out/>
</testsuite> <!-- b34WhywehavetouseObjectarraytoreturndata.aDemo -->
