<?xml version="1.0" encoding="UTF-8"?>
<!-- Generated by org.testng.reporters.JUnitReportReporter -->
<testsuite hostname="LAPTOP-BH9IM1PN" failures="0" tests="3" name="b32MultipleDataProvidermethods.aDemo" time="0.012" errors="0" timestamp="2023-08-05T08:14:43 IST" skipped="0">
  <testcase classname="b32MultipleDataProvidermethods.aDemo" name="sample" time="0.003"/>
  <system-out/>
  <testcase classname="b32MultipleDataProvidermethods.aDemo" name="sample" time="0.001"/>
  <system-out/>
  <testcase classname="b32MultipleDataProvidermethods.aDemo" name="sample" time="0.008"/>
  <system-out/>
</testsuite> <!-- b32MultipleDataProvidermethods.aDemo -->
