<?xml version="1.0" encoding="UTF-8"?>
<!-- Generated by org.testng.reporters.JUnitReportReporter -->
<testsuite hostname="LAPTOP-BH9IM1PN" failures="0" tests="3" name="b72DefaultTestNGreportsandtheirrealtimeusage.cSearch" time="0.012" errors="0" timestamp="2023-08-03T18:28:14 IST" skipped="0">
  <testcase classname="b72DefaultTestNGreportsandtheirrealtimeusage.cSearch" name="serachwithValidProduct" time="0.002"/>
  <system-out/>
  <testcase classname="b72DefaultTestNGreportsandtheirrealtimeusage.cSearch" name="serachwithEmptyProduct" time="0.008"/>
  <system-out/>
  <testcase classname="b72DefaultTestNGreportsandtheirrealtimeusage.cSearch" name="serachwithInvalidProduct" time="0.002"/>
  <system-out/>
</testsuite> <!-- b72DefaultTestNGreportsandtheirrealtimeusage.cSearch -->
