<?xml version="1.0" encoding="UTF-8"?>
<!-- Generated by org.testng.reporters.JUnitReportReporter -->
<testsuite hostname="LAPTOP-BH9IM1PN" failures="0" tests="3" name="b47parallelclassesinTestNGParallelExecution.cSearch" time="0.006" errors="0" timestamp="2023-08-02T17:35:35 IST" skipped="0">
  <testcase classname="b47parallelclassesinTestNGParallelExecution.cSearch" name="serachwithInvalidProduct" time="0.003"/>
  <system-out/>
  <testcase classname="b47parallelclassesinTestNGParallelExecution.cSearch" name="serachwithValidProduct" time="0.002"/>
  <system-out/>
  <testcase classname="b47parallelclassesinTestNGParallelExecution.cSearch" name="serachwithEmptyProduct" time="0.001"/>
  <system-out/>
</testsuite> <!-- b47parallelclassesinTestNGParallelExecution.cSearch -->
