<?xml version="1.0" encoding="UTF-8"?>
<!-- Generated by org.testng.reporters.JUnitReportReporter -->
<testsuite hostname="LAPTOP-BH9IM1PN" failures="0" tests="5" name="b45paralleltestsinTestNGParallelexecution.aLogin" time="0.041" errors="0" timestamp="2023-08-02T17:22:05 IST" skipped="0">
  <testcase classname="b45paralleltestsinTestNGParallelexecution.aLogin" name="loginwithNoidandNopassword" time="0.004"/>
  <system-out/>
  <testcase classname="b45paralleltestsinTestNGParallelexecution.aLogin" name="loginwithvalididandInvalidpassword" time="0.003"/>
  <system-out/>
  <testcase classname="b45paralleltestsinTestNGParallelexecution.aLogin" name="loginwithInvalididandvalidpassword" time="0.004"/>
  <system-out/>
  <testcase classname="b45paralleltestsinTestNGParallelexecution.aLogin" name="loginwithvalididandvalidpassword" time="0.005"/>
  <system-out/>
  <testcase classname="b45paralleltestsinTestNGParallelexecution.aLogin" name="loginwithInvalididandInvalidpassword" time="0.025"/>
  <system-out/>
</testsuite> <!-- b45paralleltestsinTestNGParallelexecution.aLogin -->
