<?xml version="1.0" encoding="UTF-8"?>
<!-- Generated by org.testng.reporters.JUnitReportReporter -->
<testsuite hostname="LAPTOP-BH9IM1PN" failures="0" tests="1" name="a7TestngXMLforBatchExecution.aDemo" time="0.009" errors="0" timestamp="2023-07-31T10:43:29 IST" skipped="0">
  <testcase classname="a7TestngXMLforBatchExecution.aDemo" name="methodThree" time="0.009"/>
  <system-out/>
</testsuite> <!-- a7TestngXMLforBatchExecution.aDemo -->
