<?xml version="1.0" encoding="UTF-8"?>
<!-- Generated by org.testng.reporters.JUnitReportReporter -->
<testsuite hostname="LAPTOP-BH9IM1PN" failures="0" tests="3" name="b39ReadingDatafromExcelfilesintoDataProvidermethodusingPOIAPI.asample" time="30.048" errors="0" timestamp="2023-08-02T12:18:11 IST" skipped="0">
  <testcase classname="b39ReadingDatafromExcelfilesintoDataProvidermethodusingPOIAPI.asample" name="loginTest" time="5.063"/>
  <system-out/>
  <testcase classname="b39ReadingDatafromExcelfilesintoDataProvidermethodusingPOIAPI.asample" name="loginTest" time="6.454"/>
  <system-out/>
  <testcase classname="b39ReadingDatafromExcelfilesintoDataProvidermethodusingPOIAPI.asample" name="loginTest" time="18.531"/>
  <system-out/>
</testsuite> <!-- b39ReadingDatafromExcelfilesintoDataProvidermethodusingPOIAPI.asample -->
