<?xml version="1.0" encoding="UTF-8"?>
<!-- Generated by org.testng.reporters.JUnitReportReporter -->
<testsuite hostname="LAPTOP-BH9IM1PN" failures="0" tests="3" name="b35DifferentreturntypesofDataProvider.aDemo" time="0.021" errors="0" timestamp="2023-08-02T00:16:40 IST" skipped="0">
  <testcase classname="b35DifferentreturntypesofDataProvider.aDemo" name="sample" time="0.015"/>
  <system-out/>
  <testcase classname="b35DifferentreturntypesofDataProvider.aDemo" name="sample" time="0.002"/>
  <system-out/>
  <testcase classname="b35DifferentreturntypesofDataProvider.aDemo" name="sample" time="0.004"/>
  <system-out/>
</testsuite> <!-- b35DifferentreturntypesofDataProvider.aDemo -->
