<?xml version="1.0" encoding="UTF-8"?>
<!-- Generated by org.testng.reporters.JUnitReportReporter -->
<testsuite hostname="LAPTOP-BH9IM1PN" failures="0" tests="5" name="b49Multipletesttagsbutonlyfewtesttagsenabledforparallelexecution.aLogin" time="0.150" errors="0" timestamp="2023-08-05T09:32:44 IST" skipped="0">
  <testcase classname="b49Multipletesttagsbutonlyfewtesttagsenabledforparallelexecution.aLogin" name="loginwithInvalididandInvalidpassword" time="0.030"/>
  <system-out/>
  <testcase classname="b49Multipletesttagsbutonlyfewtesttagsenabledforparallelexecution.aLogin" name="loginwithvalididandvalidpassword" time="0.030"/>
  <system-out/>
  <testcase classname="b49Multipletesttagsbutonlyfewtesttagsenabledforparallelexecution.aLogin" name="loginwithInvalididandvalidpassword" time="0.030"/>
  <system-out/>
  <testcase classname="b49Multipletesttagsbutonlyfewtesttagsenabledforparallelexecution.aLogin" name="loginwithvalididandInvalidpassword" time="0.030"/>
  <system-out/>
  <testcase classname="b49Multipletesttagsbutonlyfewtesttagsenabledforparallelexecution.aLogin" name="loginwithNoidandNopassword" time="0.030"/>
  <system-out/>
</testsuite> <!-- b49Multipletesttagsbutonlyfewtesttagsenabledforparallelexecution.aLogin -->
