<?xml version="1.0" encoding="UTF-8"?>
<!-- Generated by org.testng.reporters.JUnitReportReporter -->
<testsuite hostname="LAPTOP-BH9IM1PN" failures="0" tests="5" name="b51parallelnoneinTestNGParallelExecution.aLogin" time="0.034" errors="0" timestamp="2023-08-05T09:55:08 IST" skipped="0">
  <testcase classname="b51parallelnoneinTestNGParallelExecution.aLogin" name="loginwithvalididandInvalidpassword" time="0.003"/>
  <system-out/>
  <testcase classname="b51parallelnoneinTestNGParallelExecution.aLogin" name="loginwithInvalididandInvalidpassword" time="0.022"/>
  <system-out/>
  <testcase classname="b51parallelnoneinTestNGParallelExecution.aLogin" name="loginwithInvalididandvalidpassword" time="0.003"/>
  <system-out/>
  <testcase classname="b51parallelnoneinTestNGParallelExecution.aLogin" name="loginwithNoidandNopassword" time="0.004"/>
  <system-out/>
  <testcase classname="b51parallelnoneinTestNGParallelExecution.aLogin" name="loginwithvalididandvalidpassword" time="0.002"/>
  <system-out/>
</testsuite> <!-- b51parallelnoneinTestNGParallelExecution.aLogin -->
