<?xml version="1.0" encoding="UTF-8"?>
<!-- Generated by org.testng.reporters.JUnitReportReporter -->
<testsuite hostname="LAPTOP-BH9IM1PN" failures="0" tests="3" name="b33MultipleDataProvidermethodsinmultipleclasses.aDemo" time="0.017" errors="0" timestamp="2023-08-01T22:59:57 IST" skipped="0">
  <testcase classname="b33MultipleDataProvidermethodsinmultipleclasses.aDemo" name="sample" time="0.002"/>
  <system-out/>
  <testcase classname="b33MultipleDataProvidermethodsinmultipleclasses.aDemo" name="sample" time="0.012"/>
  <system-out/>
  <testcase classname="b33MultipleDataProvidermethodsinmultipleclasses.aDemo" name="sample" time="0.003"/>
  <system-out/>
</testsuite> <!-- b33MultipleDataProvidermethodsinmultipleclasses.aDemo -->
