<?xml version="1.0" encoding="UTF-8"?>
<!-- Generated by org.testng.reporters.JUnitReportReporter -->
<testsuite hostname="LAPTOP-BH9IM1PN" failures="0" tests="5" name="b25DependsOnGroupsattribute.aLogin" time="0.027" errors="0" timestamp="2023-08-01T15:34:41 IST" skipped="0">
  <testcase classname="b25DependsOnGroupsattribute.aLogin" name="aloginwithNoidandNopassword" time="0.003"/>
  <system-out/>
  <testcase classname="b25DependsOnGroupsattribute.aLogin" name="loginwithInvalididandvalidpassword" time="0.002"/>
  <system-out/>
  <testcase classname="b25DependsOnGroupsattribute.aLogin" name="loginwithInvalididandInvalidpassword" time="0.016"/>
  <system-out/>
  <testcase classname="b25DependsOnGroupsattribute.aLogin" name="loginwithvalididandInvalidpassword" time="0.002"/>
  <system-out/>
  <testcase classname="b25DependsOnGroupsattribute.aLogin" name="loginwithvalididandvalidpassword" time="0.004"/>
  <system-out/>
</testsuite> <!-- b25DependsOnGroupsattribute.aLogin -->
