<?xml version="1.0" encoding="UTF-8"?>
<!-- Generated by org.testng.reporters.JUnitReportReporter -->
<testsuite hostname="LAPTOP-BH9IM1PN" failures="0" tests="4" name="b68TakingscreenshotsforFailedTestsusingListeners.bRegister" time="0.013" errors="0" timestamp="2023-08-03T10:13:49 IST" skipped="0">
  <testcase classname="b68TakingscreenshotsforFailedTestsusingListeners.bRegister" name="registerwithDuplicatefields" time="0.005"/>
  <system-out/>
  <testcase classname="b68TakingscreenshotsforFailedTestsusingListeners.bRegister" name="registerwithAllfields" time="0.003"/>
  <system-out/>
  <testcase classname="b68TakingscreenshotsforFailedTestsusingListeners.bRegister" name="registerwithAnyfields" time="0.002"/>
  <system-out/>
  <testcase classname="b68TakingscreenshotsforFailedTestsusingListeners.bRegister" name="registerwithMandatoryfields" time="0.003"/>
  <system-out/>
</testsuite> <!-- b68TakingscreenshotsforFailedTestsusingListeners.bRegister -->
