<?xml version="1.0" encoding="UTF-8"?>
<!-- Generated by org.testng.reporters.JUnitReportReporter -->
<testsuite hostname="LAPTOP-BH9IM1PN" failures="0" tests="5" name="b56Defaultthreadcountwhenparallelattributeisonlymentioned.aLogin" time="0.115" errors="0" timestamp="2023-08-05T10:33:43 IST" skipped="0">
  <testcase classname="b56Defaultthreadcountwhenparallelattributeisonlymentioned.aLogin" name="loginwithNoidandNopassword" time="0.023"/>
  <system-out/>
  <testcase classname="b56Defaultthreadcountwhenparallelattributeisonlymentioned.aLogin" name="loginwithInvalididandInvalidpassword" time="0.023"/>
  <system-out/>
  <testcase classname="b56Defaultthreadcountwhenparallelattributeisonlymentioned.aLogin" name="loginwithInvalididandvalidpassword" time="0.023"/>
  <system-out/>
  <testcase classname="b56Defaultthreadcountwhenparallelattributeisonlymentioned.aLogin" name="loginwithvalididandvalidpassword" time="0.023"/>
  <system-out/>
  <testcase classname="b56Defaultthreadcountwhenparallelattributeisonlymentioned.aLogin" name="loginwithvalididandInvalidpassword" time="0.023"/>
  <system-out/>
</testsuite> <!-- b56Defaultthreadcountwhenparallelattributeisonlymentioned.aLogin -->
