<?xml version="1.0" encoding="UTF-8"?>
<!-- Generated by org.testng.reporters.JUnitReportReporter -->
<testsuite hostname="LAPTOP-BH9IM1PN" failures="0" tests="4" name="b31SeparatingDataProviderintoaseparateClassusingdataProviderClassattribute.aDemo" time="14.970" errors="0" timestamp="2023-08-01T21:06:02 IST" skipped="0">
  <testcase classname="b31SeparatingDataProviderintoaseparateClassusingdataProviderClassattribute.aDemo" name="validCredentials" time="3.799"/>
  <system-out/>
  <testcase classname="b31SeparatingDataProviderintoaseparateClassusingdataProviderClassattribute.aDemo" name="validCredentials" time="3.324"/>
  <system-out/>
  <testcase classname="b31SeparatingDataProviderintoaseparateClassusingdataProviderClassattribute.aDemo" name="validCredentials" time="3.347"/>
  <system-out/>
  <testcase classname="b31SeparatingDataProviderintoaseparateClassusingdataProviderClassattribute.aDemo" name="validCredentials" time="4.500"/>
  <system-out/>
</testsuite> <!-- b31SeparatingDataProviderintoaseparateClassusingdataProviderClassattribute.aDemo -->
