<?xml version="1.0" encoding="UTF-8"?>
<!-- Generated by org.testng.reporters.JUnitReportReporter -->
<testsuite hostname="LAPTOP-BH9IM1PN" failures="0" tests="4" name="b46paralleltestswontworkforparallelexecutionattesttaglevel.bRegister" time="0.009" errors="0" timestamp="2023-08-05T09:18:18 IST" skipped="0">
  <testcase classname="b46paralleltestswontworkforparallelexecutionattesttaglevel.bRegister" name="registerwithAnyfields" time="0.002"/>
  <system-out/>
  <testcase classname="b46paralleltestswontworkforparallelexecutionattesttaglevel.bRegister" name="registerwithDuplicatefields" time="0.003"/>
  <system-out/>
  <testcase classname="b46paralleltestswontworkforparallelexecutionattesttaglevel.bRegister" name="registerwithMandatoryfields" time="0.002"/>
  <system-out/>
  <testcase classname="b46paralleltestswontworkforparallelexecutionattesttaglevel.bRegister" name="registerwithAllfields" time="0.002"/>
  <system-out/>
</testsuite> <!-- b46paralleltestswontworkforparallelexecutionattesttaglevel.bRegister -->
