<?xml version="1.0" encoding="UTF-8"?>
<!-- Generated by org.testng.reporters.JUnitReportReporter -->
<testsuite hostname="LAPTOP-BH9IM1PN" failures="0" tests="2" name="a8AssertionInTestNG.iAssertNull" time="0.016" errors="0" timestamp="2023-07-31T11:44:35 IST" skipped="0">
  <testcase classname="a8AssertionInTestNG.iAssertNull" name="verifyAssertNull" time="0.015"/>
  <system-out/>
  <testcase classname="a8AssertionInTestNG.iAssertNull" name="verifyAssertNotNull" time="0.001"/>
  <system-out/>
</testsuite> <!-- a8AssertionInTestNG.iAssertNull -->
