<?xml version="1.0" encoding="UTF-8"?>
<!-- Generated by org.testng.reporters.JUnitReportReporter -->
<testsuite hostname="LAPTOP-BH9IM1PN" failures="0" tests="3" name="b14EnableandIgnoreAttributeatTestLevel.aDemo" time="6.228" errors="0" timestamp="2023-08-05T07:14:45 IST" skipped="2">
  <testcase classname="b14EnableandIgnoreAttributeatTestLevel.aDemo" name="validCredentials1" time="6.228"/>
  <system-out/>
  <testcase classname="b14EnableandIgnoreAttributeatTestLevel.aDemo" name="validCredentials">
    <skipped/>
  </testcase> <!-- validCredentials -->
  <system-out/>
  <testcase classname="b14EnableandIgnoreAttributeatTestLevel.aDemo" name="validCredentials2">
    <skipped/>
  </testcase> <!-- validCredentials2 -->
  <system-out/>
</testsuite> <!-- b14EnableandIgnoreAttributeatTestLevel.aDemo -->
