<?xml version="1.0" encoding="UTF-8"?>
<!-- Generated by org.testng.reporters.JUnitReportReporter -->
<testsuite hostname="LAPTOP-BH9IM1PN" failures="0" tests="4" name="b27ExecutingTestatPackageLevel.bRegister" time="0.008" errors="0" timestamp="2023-08-05T07:55:56 IST" skipped="0">
  <testcase classname="b27ExecutingTestatPackageLevel.bRegister" name="registerwithMandatoryfields" time="0.002"/>
  <system-out/>
  <testcase classname="b27ExecutingTestatPackageLevel.bRegister" name="registerwithAllfields" time="0.002"/>
  <system-out/>
  <testcase classname="b27ExecutingTestatPackageLevel.bRegister" name="registerwithDuplicatefields" time="0.002"/>
  <system-out/>
  <testcase classname="b27ExecutingTestatPackageLevel.bRegister" name="registerwithAnyfields" time="0.002"/>
  <system-out/>
</testsuite> <!-- b27ExecutingTestatPackageLevel.bRegister -->
