<?xml version="1.0" encoding="UTF-8"?>
<!-- Generated by org.testng.reporters.JUnitReportReporter -->
<testsuite hostname="LAPTOP-BH9IM1PN" failures="0" tests="4" name="b44ParallelExecutionofTestsinTestNGusingparallelandthreadcountattributes.bRegister" time="0.011" errors="0" timestamp="2023-08-02T17:02:22 IST" skipped="0">
  <testcase classname="b44ParallelExecutionofTestsinTestNGusingparallelandthreadcountattributes.bRegister" name="registerwithAnyfields" time="0.003"/>
  <system-out/>
  <testcase classname="b44ParallelExecutionofTestsinTestNGusingparallelandthreadcountattributes.bRegister" name="registerwithDuplicatefields" time="0.003"/>
  <system-out/>
  <testcase classname="b44ParallelExecutionofTestsinTestNGusingparallelandthreadcountattributes.bRegister" name="registerwithMandatoryfields" time="0.003"/>
  <system-out/>
  <testcase classname="b44ParallelExecutionofTestsinTestNGusingparallelandthreadcountattributes.bRegister" name="registerwithAllfields" time="0.002"/>
  <system-out/>
</testsuite> <!-- b44ParallelExecutionofTestsinTestNGusingparallelandthreadcountattributes.bRegister -->
