<?xml version="1.0" encoding="UTF-8"?>
<!-- Generated by org.testng.reporters.JUnitReportReporter -->
<testsuite hostname="LAPTOP-BH9IM1PN" failures="0" tests="3" name="b45paralleltestsinTestNGParallelexecution.cSearch" time="0.032" errors="0" timestamp="2023-08-02T17:22:05 IST" skipped="0">
  <testcase classname="b45paralleltestsinTestNGParallelexecution.cSearch" name="serachwithValidProduct" time="0.003"/>
  <system-out/>
  <testcase classname="b45paralleltestsinTestNGParallelexecution.cSearch" name="serachwithInvalidProduct" time="0.004"/>
  <system-out/>
  <testcase classname="b45paralleltestsinTestNGParallelexecution.cSearch" name="serachwithEmptyProduct" time="0.025"/>
  <system-out/>
</testsuite> <!-- b45paralleltestsinTestNGParallelexecution.cSearch -->
